2023-11-29 11:09:24,508 [main] INFO  MethodLogger - Entering method: main
2023-11-29 11:09:24,522 [main] INFO  MethodLogger - Entering method: processChildElements
2023-11-29 11:09:24,523 [main] INFO  MethodLogger - Entering method: processElement
2023-11-29 11:09:24,523 [main] INFO  MethodLogger - Entering method: processElement
2023-11-29 11:09:24,523 [main] INFO  MethodLogger - Entering method: processElement
2023-11-29 11:09:24,523 [main] INFO  MethodLogger - Exiting method: processElement
2023-11-29 11:09:24,524 [main] INFO  MethodLogger - Entering method: processElement
2023-11-29 11:09:24,524 [main] INFO  MethodLogger - Exiting method: processElement
2023-11-29 11:09:24,524 [main] INFO  MethodLogger - Entering method: processElement
2023-11-29 11:09:24,524 [main] INFO  MethodLogger - Exiting method: processElement
2023-11-29 11:09:24,524 [main] INFO  MethodLogger - Entering method: processElement
2023-11-29 11:09:24,524 [main] INFO  MethodLogger - Exiting method: processElement
2023-11-29 11:09:24,524 [main] INFO  MethodLogger - Entering method: processElement
2023-11-29 11:09:24,524 [main] INFO  MethodLogger - Exiting method: processElement
2023-11-29 11:09:24,525 [main] INFO  MethodLogger - Entering method: processElement
2023-11-29 11:09:24,525 [main] INFO  MethodLogger - Entering method: processElement
2023-11-29 11:09:24,525 [main] INFO  MethodLogger - Exiting method: processElement
2023-11-29 11:09:24,525 [main] INFO  MethodLogger - Entering method: processElement
2023-11-29 11:09:24,525 [main] INFO  MethodLogger - Entering method: processElement
2023-11-29 11:09:24,525 [main] INFO  MethodLogger - Exiting method: processElement
2023-11-29 11:09:24,525 [main] INFO  MethodLogger - Exiting method: processElement
2023-11-29 11:09:24,525 [main] INFO  MethodLogger - Exiting method: processElement
2023-11-29 11:09:24,525 [main] INFO  MethodLogger - Entering method: processElement
2023-11-29 11:09:24,526 [main] INFO  MethodLogger - Entering method: processElement
2023-11-29 11:09:24,526 [main] INFO  MethodLogger - Entering method: processElement
2023-11-29 11:09:24,526 [main] INFO  MethodLogger - Exiting method: processElement
2023-11-29 11:09:24,526 [main] INFO  MethodLogger - Exiting method: processElement
2023-11-29 11:09:24,526 [main] INFO  MethodLogger - Entering method: processElement
2023-11-29 11:09:24,526 [main] INFO  MethodLogger - Entering method: processElement
2023-11-29 11:09:24,526 [main] INFO  MethodLogger - Exiting method: processElement
2023-11-29 11:09:24,526 [main] INFO  MethodLogger - Exiting method: processElement
2023-11-29 11:09:24,526 [main] INFO  MethodLogger - Exiting method: processElement
2023-11-29 11:09:24,526 [main] INFO  MethodLogger - Entering method: processElement
2023-11-29 11:09:24,527 [main] INFO  MethodLogger - Entering method: processElement
2023-11-29 11:09:24,527 [main] INFO  MethodLogger - Exiting method: processElement
2023-11-29 11:09:24,527 [main] INFO  MethodLogger - Exiting method: processElement
2023-11-29 11:09:24,527 [main] INFO  MethodLogger - Entering method: processElement
2023-11-29 11:09:24,527 [main] INFO  MethodLogger - Entering method: processElement
2023-11-29 11:09:24,527 [main] INFO  MethodLogger - Entering method: processElement
2023-11-29 11:09:24,527 [main] INFO  MethodLogger - Exiting method: processElement
2023-11-29 11:09:24,527 [main] INFO  MethodLogger - Exiting method: processElement
2023-11-29 11:09:24,527 [main] INFO  MethodLogger - Exiting method: processElement
2023-11-29 11:09:24,528 [main] INFO  MethodLogger - Exiting method: processElement
2023-11-29 11:09:24,528 [main] INFO  MethodLogger - Entering method: processElement
2023-11-29 11:09:24,528 [main] INFO  MethodLogger - Entering method: processElement
2023-11-29 11:09:24,528 [main] INFO  MethodLogger - Entering method: processElement
2023-11-29 11:09:24,528 [main] INFO  MethodLogger - Exiting method: processElement
2023-11-29 11:09:24,528 [main] INFO  MethodLogger - Entering method: processElement
2023-11-29 11:09:24,528 [main] INFO  MethodLogger - Exiting method: processElement
2023-11-29 11:09:24,528 [main] INFO  MethodLogger - Exiting method: processElement
2023-11-29 11:09:24,528 [main] INFO  MethodLogger - Entering method: processElement
2023-11-29 11:09:24,528 [main] INFO  MethodLogger - Exiting method: processElement
2023-11-29 11:09:24,529 [main] INFO  MethodLogger - Entering method: processElement
2023-11-29 11:09:24,529 [main] INFO  MethodLogger - Exiting method: processElement
2023-11-29 11:09:24,529 [main] INFO  MethodLogger - Entering method: processElement
2023-11-29 11:09:24,529 [main] INFO  MethodLogger - Entering method: processElement
2023-11-29 11:09:24,529 [main] INFO  MethodLogger - Exiting method: processElement
2023-11-29 11:09:24,529 [main] INFO  MethodLogger - Entering method: processElement
2023-11-29 11:09:24,529 [main] INFO  MethodLogger - Entering method: processElement
2023-11-29 11:09:24,529 [main] INFO  MethodLogger - Entering method: processElement
2023-11-29 11:09:24,529 [main] INFO  MethodLogger - Entering method: processElement
2023-11-29 11:09:24,529 [main] INFO  MethodLogger - Exiting method: processElement
2023-11-29 11:09:24,530 [main] INFO  MethodLogger - Entering method: processElement
2023-11-29 11:09:24,530 [main] INFO  MethodLogger - Entering method: processElement
2023-11-29 11:09:24,530 [main] INFO  MethodLogger - Exiting method: processElement
2023-11-29 11:09:24,530 [main] INFO  MethodLogger - Exiting method: processElement
2023-11-29 11:09:24,530 [main] INFO  MethodLogger - Entering method: processElement
2023-11-29 11:09:24,530 [main] INFO  MethodLogger - Exiting method: processElement
2023-11-29 11:09:24,530 [main] INFO  MethodLogger - Exiting method: processElement
2023-11-29 11:09:24,530 [main] INFO  MethodLogger - Exiting method: processElement
2023-11-29 11:09:24,530 [main] INFO  MethodLogger - Exiting method: processElement
2023-11-29 11:09:24,530 [main] INFO  MethodLogger - Exiting method: processElement
2023-11-29 11:09:24,530 [main] INFO  MethodLogger - Entering method: processElement
2023-11-29 11:09:24,530 [main] INFO  MethodLogger - Entering method: processElement
2023-11-29 11:09:24,531 [main] INFO  MethodLogger - Entering method: processElement
2023-11-29 11:09:24,531 [main] INFO  MethodLogger - Entering method: processElement
2023-11-29 11:09:24,531 [main] INFO  MethodLogger - Exiting method: processElement
2023-11-29 11:09:24,531 [main] INFO  MethodLogger - Exiting method: processElement
2023-11-29 11:09:24,531 [main] INFO  MethodLogger - Exiting method: processElement
2023-11-29 11:09:24,531 [main] INFO  MethodLogger - Exiting method: processElement
2023-11-29 11:09:24,531 [main] INFO  MethodLogger - Entering method: processElement
2023-11-29 11:09:24,531 [main] INFO  MethodLogger - Entering method: processElement
2023-11-29 11:09:24,531 [main] INFO  MethodLogger - Entering method: processElement
2023-11-29 11:09:24,531 [main] INFO  MethodLogger - Exiting method: processElement
2023-11-29 11:09:24,531 [main] INFO  MethodLogger - Exiting method: processElement
2023-11-29 11:09:24,531 [main] INFO  MethodLogger - Exiting method: processElement
2023-11-29 11:09:24,531 [main] INFO  MethodLogger - Entering method: processElement
2023-11-29 11:09:24,531 [main] INFO  MethodLogger - Entering method: processElement
2023-11-29 11:09:24,532 [main] INFO  MethodLogger - Entering method: processElement
2023-11-29 11:09:24,532 [main] INFO  MethodLogger - Exiting method: processElement
2023-11-29 11:09:24,532 [main] INFO  MethodLogger - Exiting method: processElement
2023-11-29 11:09:24,532 [main] INFO  MethodLogger - Exiting method: processElement
2023-11-29 11:09:24,532 [main] INFO  MethodLogger - Entering method: processElement
2023-11-29 11:09:24,532 [main] INFO  MethodLogger - Entering method: processElement
2023-11-29 11:09:24,532 [main] INFO  MethodLogger - Exiting method: processElement
2023-11-29 11:09:24,532 [main] INFO  MethodLogger - Entering method: processElement
2023-11-29 11:09:24,532 [main] INFO  MethodLogger - Entering method: processElement
2023-11-29 11:09:24,532 [main] INFO  MethodLogger - Entering method: processElement
2023-11-29 11:09:24,532 [main] INFO  MethodLogger - Entering method: processElement
2023-11-29 11:09:24,532 [main] INFO  MethodLogger - Exiting method: processElement
2023-11-29 11:09:24,532 [main] INFO  MethodLogger - Entering method: processElement
2023-11-29 11:09:24,532 [main] INFO  MethodLogger - Entering method: processElement
2023-11-29 11:09:24,532 [main] INFO  MethodLogger - Exiting method: processElement
2023-11-29 11:09:24,532 [main] INFO  MethodLogger - Exiting method: processElement
2023-11-29 11:09:24,533 [main] INFO  MethodLogger - Entering method: processElement
2023-11-29 11:09:24,533 [main] INFO  MethodLogger - Exiting method: processElement
2023-11-29 11:09:24,533 [main] INFO  MethodLogger - Exiting method: processElement
2023-11-29 11:09:24,533 [main] INFO  MethodLogger - Exiting method: processElement
2023-11-29 11:09:24,533 [main] INFO  MethodLogger - Exiting method: processElement
2023-11-29 11:09:24,533 [main] INFO  MethodLogger - Exiting method: processElement
2023-11-29 11:09:24,533 [main] INFO  MethodLogger - Entering method: processElement
2023-11-29 11:09:24,533 [main] INFO  MethodLogger - Entering method: processElement
2023-11-29 11:09:24,533 [main] INFO  MethodLogger - Entering method: processElement
2023-11-29 11:09:24,533 [main] INFO  MethodLogger - Entering method: processElement
2023-11-29 11:09:24,533 [main] INFO  MethodLogger - Exiting method: processElement
2023-11-29 11:09:24,533 [main] INFO  MethodLogger - Exiting method: processElement
2023-11-29 11:09:24,533 [main] INFO  MethodLogger - Exiting method: processElement
2023-11-29 11:09:24,533 [main] INFO  MethodLogger - Exiting method: processElement
2023-11-29 11:09:24,533 [main] INFO  MethodLogger - Exiting method: processElement
2023-11-29 11:09:24,533 [main] INFO  MethodLogger - Entering method: processElement
2023-11-29 11:09:24,533 [main] INFO  MethodLogger - Entering method: processElement
2023-11-29 11:09:24,533 [main] INFO  MethodLogger - Exiting method: processElement
2023-11-29 11:09:24,533 [main] INFO  MethodLogger - Entering method: processElement
2023-11-29 11:09:24,533 [main] INFO  MethodLogger - Entering method: processElement
2023-11-29 11:09:24,534 [main] INFO  MethodLogger - Entering method: processElement
2023-11-29 11:09:24,534 [main] INFO  MethodLogger - Exiting method: processElement
2023-11-29 11:09:24,534 [main] INFO  MethodLogger - Entering method: processElement
2023-11-29 11:09:24,534 [main] INFO  MethodLogger - Exiting method: processElement
2023-11-29 11:09:24,534 [main] INFO  MethodLogger - Entering method: processElement
2023-11-29 11:09:24,534 [main] INFO  MethodLogger - Exiting method: processElement
2023-11-29 11:09:24,534 [main] INFO  MethodLogger - Entering method: processElement
2023-11-29 11:09:24,534 [main] INFO  MethodLogger - Exiting method: processElement
2023-11-29 11:09:24,534 [main] INFO  MethodLogger - Entering method: processElement
2023-11-29 11:09:24,534 [main] INFO  MethodLogger - Exiting method: processElement
2023-11-29 11:09:24,534 [main] INFO  MethodLogger - Entering method: processElement
2023-11-29 11:09:24,534 [main] INFO  MethodLogger - Exiting method: processElement
2023-11-29 11:09:24,534 [main] INFO  MethodLogger - Entering method: processElement
2023-11-29 11:09:24,534 [main] INFO  MethodLogger - Exiting method: processElement
2023-11-29 11:09:24,534 [main] INFO  MethodLogger - Entering method: processElement
2023-11-29 11:09:24,534 [main] INFO  MethodLogger - Exiting method: processElement
2023-11-29 11:09:24,534 [main] INFO  MethodLogger - Entering method: processElement
2023-11-29 11:09:24,534 [main] INFO  MethodLogger - Exiting method: processElement
2023-11-29 11:09:24,535 [main] INFO  MethodLogger - Entering method: processElement
2023-11-29 11:09:24,535 [main] INFO  MethodLogger - Exiting method: processElement
2023-11-29 11:09:24,535 [main] INFO  MethodLogger - Entering method: processElement
2023-11-29 11:09:24,535 [main] INFO  MethodLogger - Exiting method: processElement
2023-11-29 11:09:24,535 [main] INFO  MethodLogger - Entering method: processElement
2023-11-29 11:09:24,535 [main] INFO  MethodLogger - Exiting method: processElement
2023-11-29 11:09:24,535 [main] INFO  MethodLogger - Entering method: processElement
2023-11-29 11:09:24,535 [main] INFO  MethodLogger - Exiting method: processElement
2023-11-29 11:09:24,535 [main] INFO  MethodLogger - Entering method: processElement
2023-11-29 11:09:24,535 [main] INFO  MethodLogger - Exiting method: processElement
2023-11-29 11:09:24,535 [main] INFO  MethodLogger - Entering method: processElement
2023-11-29 11:09:24,535 [main] INFO  MethodLogger - Exiting method: processElement
2023-11-29 11:09:24,535 [main] INFO  MethodLogger - Exiting method: processElement
2023-11-29 11:09:24,535 [main] INFO  MethodLogger - Exiting method: processElement
2023-11-29 11:09:24,535 [main] INFO  MethodLogger - Exiting method: processElement
2023-11-29 11:09:24,535 [main] INFO  MethodLogger - Exiting method: processElement
2023-11-29 11:09:24,535 [main] INFO  java_xml_parser.XMLParser - CdtTrfTxInf~Dbtr~Id~PrvtId~Othr~Id : Max24Text
2023-11-29 11:09:24,535 [main] INFO  java_xml_parser.XMLParser - CdtTrfTxInf~PmtId~EndToEndId : 30Text
2023-11-29 11:09:24,535 [main] INFO  java_xml_parser.XMLParser - SplmtryData~Envlp~ns2:achSupplementaryData~ns2:grpMerchId : Text(16)
2023-11-29 11:09:24,535 [main] INFO  java_xml_parser.XMLParser - SplmtryData~Envlp~ns2:achSupplementaryData~ns2:consumerID : Text(16)
2023-11-29 11:09:24,535 [main] INFO  java_xml_parser.XMLParser - SplmtryData~Envlp~ns2:achSupplementaryData~ns2:tipOrConvnceIndctr : Number(2)
2023-11-29 11:09:24,536 [main] INFO  java_xml_parser.XMLParser - SplmtryData~Envlp~ns2:achSupplementaryData~ns2:postCd : Text(10)
2023-11-29 11:09:24,536 [main] INFO  java_xml_parser.XMLParser - CdtTrfTxInf~Cdtr~Id~PrvtId~Othr~Id : Max24Text
2023-11-29 11:09:24,536 [main] INFO  java_xml_parser.XMLParser - GrpHdr~SttlmInf~SttlmnMtd : CLRG
2023-11-29 11:09:24,536 [main] INFO  java_xml_parser.XMLParser - CdtTrfTxInf~DbtrAcct~Id~Othr~Id : Max34Text
2023-11-29 11:09:24,536 [main] INFO  java_xml_parser.XMLParser - GrpHdr~PmtTpInf~LclInstrm~Cd : TEL
2023-11-29 11:09:24,536 [main] INFO  java_xml_parser.XMLParser - SplmtryData~Envlp~ns2:achSupplementaryData~ns2:merchCategoryCd : Number(4)
2023-11-29 11:09:24,536 [main] INFO  java_xml_parser.XMLParser - GrpHdr~TtlIntrBkSttlmAmt : ="QAR">100
2023-11-29 11:09:24,536 [main] INFO  java_xml_parser.XMLParser - GrpHdr~FinInstnId~BICFI : consist of eight (8) or eleven (11) contiguous characters
2023-11-29 11:09:24,536 [main] INFO  java_xml_parser.XMLParser - GrpHdr~SttlmInf~ClrSys~Prtry : QCB
2023-11-29 11:09:24,536 [main] INFO  java_xml_parser.XMLParser - SplmtryData~Envlp~ns2:achSupplementaryData~ns2:merchantCity : Text (15)
2023-11-29 11:09:24,536 [main] INFO  java_xml_parser.XMLParser - GrpHdr~NbOfTxs : ##"Group Header/Number Of Transactions" must equal the number of occurrences of "Credit Transfer Transaction Information".
2023-11-29 11:09:24,536 [main] INFO  java_xml_parser.XMLParser - SplmtryData~Envlp~ns2:achSupplementaryData~ns2:batchSource : Number(2)
2023-11-29 11:09:24,536 [main] INFO  java_xml_parser.XMLParser - CdtTrfTxInf~Dbtr~Id~PrvtId~Othr~SchmeNm~Prtry : Max4Text
2023-11-29 11:09:24,536 [main] INFO  java_xml_parser.XMLParser - CdtTrfTxInf~Cdtr~Id~PrvtId~Othr~Issr : It will hold the country where the ID was issued.
2023-11-29 11:09:24,536 [main] INFO  java_xml_parser.XMLParser - GrpHdr~MsgId : QNBA123548456215
2023-11-29 11:09:24,536 [main] INFO  java_xml_parser.XMLParser - GrpHdr~IntrBkSttlmDt : 2015-05-26
2023-11-29 11:09:24,536 [main] INFO  java_xml_parser.XMLParser - CdtTrfTxInf~Dbtr~Id~PrvtId~Othr~Issr : SO 3166, Alpha-2 code
2023-11-29 11:09:24,536 [main] INFO  java_xml_parser.XMLParser - SplmtryData~Envlp~ns2:achSupplementaryData~ns2:countryCd : Text(2)
2023-11-29 11:09:24,536 [main] INFO  java_xml_parser.XMLParser - CdtTrfTxInf~DbtrAgt~FinInstnId~BICFI : consist of eight (8) or eleven (11) contiguous characters
2023-11-29 11:09:24,536 [main] INFO  java_xml_parser.XMLParser - CdtTrfTxInf~Cdtr~Id~PrvtId~Othr~SchmeNm~Prtry : Max4Text
2023-11-29 11:09:24,536 [main] INFO  java_xml_parser.XMLParser - CdtTrfTxInf~CdtrAgt~FinInstnId~BICFI : it will contain the BIC of the QMP system as assigned by QCB.
2023-11-29 11:09:24,536 [main] INFO  java_xml_parser.XMLParser - SplmtryData~Envlp~ns2:achSupplementaryData~ns2:pntOfInitiateMethd : Number(2)
2023-11-29 11:09:24,536 [main] INFO  java_xml_parser.XMLParser - GrpHdr~CreDtTm : >2017-03-06T17:35:18.138+04:00
2023-11-29 11:09:24,536 [main] INFO  java_xml_parser.XMLParser - CdtTrfTxInf~IntrBkSttlmAmt : ="QAR">100
2023-11-29 11:09:24,536 [main] INFO  java_xml_parser.XMLParser - SplmtryData~Envlp~ns2:achSupplementaryData~ns2:sessionSequence : Number(6)
2023-11-29 11:09:24,536 [main] INFO  java_xml_parser.XMLParser - SplmtryData~Envlp~ns2:achSupplementaryData~ns2:filler : Text(30)
2023-11-29 11:09:24,536 [main] INFO  java_xml_parser.XMLParser - GrpHdr~InstdAgt~FinInstnId~BICFI : QMAGQAQAMPC
2023-11-29 11:09:24,536 [main] INFO  java_xml_parser.XMLParser - CdtTrfTxInf~Dbtr~Nm : Max105Text
2023-11-29 11:09:24,536 [main] INFO  java_xml_parser.XMLParser - GrpHdr~PmtTpInf~CtgyPurp~Prtry : 35TEXT
2023-11-29 11:09:24,536 [main] INFO  java_xml_parser.XMLParser - CdtTrfTxInf~Cdtr~Nm : Max105Text
2023-11-29 11:09:24,536 [main] INFO  java_xml_parser.XMLParser - CdtTrfTxInf~CdtrAcct~Id~Othr~Id : Max34Text
2023-11-29 11:09:24,536 [main] INFO  java_xml_parser.XMLParser - SplmtryData~Envlp~ns2:achSupplementaryData~ns2:terminalId : Text (16)
2023-11-29 11:09:24,536 [main] INFO  java_xml_parser.XMLParser - CdtTrfTxInf~PmtId~TxId : 16Text
2023-11-29 11:09:24,536 [main] INFO  java_xml_parser.XMLParser - CdtTrfTxInf~ChrgBr : SLEV
2023-11-29 11:09:24,536 [main] INFO  java_xml_parser.XMLParser - SplmtryData~Envlp~ns2:achSupplementaryData~ns2:merchantName : Text (20)
2023-11-29 11:09:24,536 [main] INFO  java_xml_parser.XMLParser - SplmtryData~PlcAndNm : Text
2023-11-29 11:09:24,536 [main] INFO  java_xml_parser.XMLParser - SplmtryData~Envlp~ns2:achSupplementaryData~ns2:feePercentage : Decimal
2023-11-29 11:09:24,536 [main] INFO  java_xml_parser.XMLParser - SplmtryData~Envlp~ns2:achSupplementaryData~ns2:invoiceNumber : Number(20)
2023-11-29 11:09:24,537 [main] INFO  java_xml_parser.XMLParser - CdtTrfTxInf~Dbtr~Id~PrvtId~Othr~Id : Max24Text
2023-11-29 11:09:24,537 [main] INFO  java_xml_parser.XMLParser - CdtTrfTxInf~PmtId~EndToEndId : 30Text
2023-11-29 11:09:24,537 [main] INFO  java_xml_parser.XMLParser - SplmtryData~Envlp~ns2:achSupplementaryData~ns2:grpMerchId : Text(16)
2023-11-29 11:09:24,537 [main] INFO  java_xml_parser.XMLParser - SplmtryData~Envlp~ns2:achSupplementaryData~ns2:consumerID : Text(16)
2023-11-29 11:09:24,537 [main] INFO  java_xml_parser.XMLParser - SplmtryData~Envlp~ns2:achSupplementaryData~ns2:tipOrConvnceIndctr : Number(2)
2023-11-29 11:09:24,537 [main] INFO  java_xml_parser.XMLParser - SplmtryData~Envlp~ns2:achSupplementaryData~ns2:postCd : Text(10)
2023-11-29 11:09:24,537 [main] INFO  java_xml_parser.XMLParser - CdtTrfTxInf~Cdtr~Id~PrvtId~Othr~Id : Max24Text
2023-11-29 11:09:24,537 [main] INFO  java_xml_parser.XMLParser - GrpHdr~SttlmInf~SttlmnMtd : CLRG
2023-11-29 11:09:24,537 [main] INFO  java_xml_parser.XMLParser - CdtTrfTxInf~DbtrAcct~Id~Othr~Id : Max34Text
2023-11-29 11:09:24,537 [main] INFO  java_xml_parser.XMLParser - GrpHdr~PmtTpInf~LclInstrm~Cd : TEL
2023-11-29 11:09:24,537 [main] INFO  java_xml_parser.XMLParser - SplmtryData~Envlp~ns2:achSupplementaryData~ns2:merchCategoryCd : Number(4)
2023-11-29 11:09:24,537 [main] INFO  java_xml_parser.XMLParser - GrpHdr~TtlIntrBkSttlmAmt : ="QAR">100
2023-11-29 11:09:24,537 [main] INFO  java_xml_parser.XMLParser - GrpHdr~FinInstnId~BICFI : consist of eight (8) or eleven (11) contiguous characters
2023-11-29 11:09:24,537 [main] INFO  java_xml_parser.XMLParser - GrpHdr~SttlmInf~ClrSys~Prtry : QCB
2023-11-29 11:09:24,537 [main] INFO  java_xml_parser.XMLParser - SplmtryData~Envlp~ns2:achSupplementaryData~ns2:merchantCity : Text (15)
2023-11-29 11:09:24,537 [main] INFO  java_xml_parser.XMLParser - GrpHdr~NbOfTxs : ##"Group Header/Number Of Transactions" must equal the number of occurrences of "Credit Transfer Transaction Information".
2023-11-29 11:09:24,538 [main] INFO  java_xml_parser.XMLParser - SplmtryData~Envlp~ns2:achSupplementaryData~ns2:batchSource : Number(2)
2023-11-29 11:09:24,538 [main] INFO  java_xml_parser.XMLParser - CdtTrfTxInf~Dbtr~Id~PrvtId~Othr~SchmeNm~Prtry : Max4Text
2023-11-29 11:09:24,538 [main] INFO  java_xml_parser.XMLParser - CdtTrfTxInf~Cdtr~Id~PrvtId~Othr~Issr : It will hold the country where the ID was issued.
2023-11-29 11:09:24,538 [main] INFO  java_xml_parser.XMLParser - GrpHdr~MsgId : QNBA123548456215
2023-11-29 11:09:24,538 [main] INFO  java_xml_parser.XMLParser - GrpHdr~IntrBkSttlmDt : 2015-05-26
2023-11-29 11:09:24,538 [main] INFO  java_xml_parser.XMLParser - CdtTrfTxInf~Dbtr~Id~PrvtId~Othr~Issr : SO 3166, Alpha-2 code
2023-11-29 11:09:24,538 [main] INFO  java_xml_parser.XMLParser - SplmtryData~Envlp~ns2:achSupplementaryData~ns2:countryCd : Text(2)
2023-11-29 11:09:24,538 [main] INFO  java_xml_parser.XMLParser - CdtTrfTxInf~DbtrAgt~FinInstnId~BICFI : consist of eight (8) or eleven (11) contiguous characters
2023-11-29 11:09:24,538 [main] INFO  java_xml_parser.XMLParser - CdtTrfTxInf~Cdtr~Id~PrvtId~Othr~SchmeNm~Prtry : Max4Text
2023-11-29 11:09:24,538 [main] INFO  java_xml_parser.XMLParser - CdtTrfTxInf~CdtrAgt~FinInstnId~BICFI : it will contain the BIC of the QMP system as assigned by QCB.
2023-11-29 11:09:24,538 [main] INFO  java_xml_parser.XMLParser - SplmtryData~Envlp~ns2:achSupplementaryData~ns2:pntOfInitiateMethd : Number(2)
2023-11-29 11:09:24,538 [main] INFO  java_xml_parser.XMLParser - GrpHdr~CreDtTm : >2017-03-06T17:35:18.138+04:00
2023-11-29 11:09:24,538 [main] INFO  java_xml_parser.XMLParser - CdtTrfTxInf~IntrBkSttlmAmt : ="QAR">100
2023-11-29 11:09:24,538 [main] INFO  java_xml_parser.XMLParser - SplmtryData~Envlp~ns2:achSupplementaryData~ns2:sessionSequence : Number(6)
2023-11-29 11:09:24,538 [main] INFO  java_xml_parser.XMLParser - SplmtryData~Envlp~ns2:achSupplementaryData~ns2:filler : Text(30)
2023-11-29 11:09:24,538 [main] INFO  java_xml_parser.XMLParser - GrpHdr~InstdAgt~FinInstnId~BICFI : QMAGQAQAMPC
2023-11-29 11:09:24,538 [main] INFO  java_xml_parser.XMLParser - CdtTrfTxInf~Dbtr~Nm : Max105Text
2023-11-29 11:09:24,538 [main] INFO  java_xml_parser.XMLParser - GrpHdr~PmtTpInf~CtgyPurp~Prtry : 35TEXT
2023-11-29 11:09:24,538 [main] INFO  java_xml_parser.XMLParser - CdtTrfTxInf~Cdtr~Nm : Max105Text
2023-11-29 11:09:24,538 [main] INFO  java_xml_parser.XMLParser - CdtTrfTxInf~CdtrAcct~Id~Othr~Id : Max34Text
2023-11-29 11:09:24,538 [main] INFO  java_xml_parser.XMLParser - SplmtryData~Envlp~ns2:achSupplementaryData~ns2:terminalId : Text (16)
2023-11-29 11:09:24,538 [main] INFO  java_xml_parser.XMLParser - CdtTrfTxInf~PmtId~TxId : 16Text
2023-11-29 11:09:24,539 [main] INFO  java_xml_parser.XMLParser - CdtTrfTxInf~ChrgBr : SLEV
2023-11-29 11:09:24,539 [main] INFO  java_xml_parser.XMLParser - SplmtryData~Envlp~ns2:achSupplementaryData~ns2:merchantName : Text (20)
2023-11-29 11:09:24,539 [main] INFO  java_xml_parser.XMLParser - SplmtryData~PlcAndNm : Text
2023-11-29 11:09:24,539 [main] INFO  java_xml_parser.XMLParser - SplmtryData~Envlp~ns2:achSupplementaryData~ns2:feePercentage : Decimal
2023-11-29 11:09:24,539 [main] INFO  java_xml_parser.XMLParser - SplmtryData~Envlp~ns2:achSupplementaryData~ns2:invoiceNumber : Number(20)
2023-11-29 11:09:24,539 [main] INFO  MethodLogger - Entering method: processElement
2023-11-29 11:09:24,539 [main] INFO  MethodLogger - Entering method: processElement
2023-11-29 11:09:24,539 [main] INFO  MethodLogger - Entering method: processElement
2023-11-29 11:09:24,539 [main] INFO  MethodLogger - Exiting method: processElement
2023-11-29 11:09:24,539 [main] INFO  MethodLogger - Entering method: processElement
2023-11-29 11:09:24,539 [main] INFO  MethodLogger - Exiting method: processElement
2023-11-29 11:09:24,539 [main] INFO  MethodLogger - Entering method: processElement
2023-11-29 11:09:24,539 [main] INFO  MethodLogger - Exiting method: processElement
2023-11-29 11:09:24,539 [main] INFO  MethodLogger - Entering method: processElement
2023-11-29 11:09:24,539 [main] INFO  MethodLogger - Exiting method: processElement
2023-11-29 11:09:24,539 [main] INFO  MethodLogger - Entering method: processElement
2023-11-29 11:09:24,539 [main] INFO  MethodLogger - Exiting method: processElement
2023-11-29 11:09:24,540 [main] INFO  MethodLogger - Entering method: processElement
2023-11-29 11:09:24,540 [main] INFO  MethodLogger - Entering method: processElement
2023-11-29 11:09:24,540 [main] INFO  MethodLogger - Exiting method: processElement
2023-11-29 11:09:24,540 [main] INFO  MethodLogger - Entering method: processElement
2023-11-29 11:09:24,540 [main] INFO  MethodLogger - Entering method: processElement
2023-11-29 11:09:24,540 [main] INFO  MethodLogger - Exiting method: processElement
2023-11-29 11:09:24,540 [main] INFO  MethodLogger - Exiting method: processElement
2023-11-29 11:09:24,540 [main] INFO  MethodLogger - Exiting method: processElement
2023-11-29 11:09:24,540 [main] INFO  MethodLogger - Entering method: processElement
2023-11-29 11:09:24,540 [main] INFO  MethodLogger - Entering method: processElement
2023-11-29 11:09:24,540 [main] INFO  MethodLogger - Entering method: processElement
2023-11-29 11:09:24,540 [main] INFO  MethodLogger - Exiting method: processElement
2023-11-29 11:09:24,540 [main] INFO  MethodLogger - Exiting method: processElement
2023-11-29 11:09:24,540 [main] INFO  MethodLogger - Entering method: processElement
2023-11-29 11:09:24,540 [main] INFO  MethodLogger - Entering method: processElement
2023-11-29 11:09:24,540 [main] INFO  MethodLogger - Exiting method: processElement
2023-11-29 11:09:24,541 [main] INFO  MethodLogger - Exiting method: processElement
2023-11-29 11:09:24,543 [main] INFO  MethodLogger - Exiting method: processElement
2023-11-29 11:09:24,543 [main] INFO  MethodLogger - Entering method: processElement
2023-11-29 11:09:24,543 [main] INFO  MethodLogger - Entering method: processElement
2023-11-29 11:09:24,544 [main] INFO  MethodLogger - Exiting method: processElement
2023-11-29 11:09:24,544 [main] INFO  MethodLogger - Exiting method: processElement
2023-11-29 11:09:24,544 [main] INFO  MethodLogger - Entering method: processElement
2023-11-29 11:09:24,544 [main] INFO  MethodLogger - Entering method: processElement
2023-11-29 11:09:24,544 [main] INFO  MethodLogger - Entering method: processElement
2023-11-29 11:09:24,544 [main] INFO  MethodLogger - Exiting method: processElement
2023-11-29 11:09:24,544 [main] INFO  MethodLogger - Exiting method: processElement
2023-11-29 11:09:24,544 [main] INFO  MethodLogger - Exiting method: processElement
2023-11-29 11:09:24,544 [main] INFO  MethodLogger - Exiting method: processElement
2023-11-29 11:09:24,544 [main] INFO  MethodLogger - Entering method: processElement
2023-11-29 11:09:24,544 [main] INFO  MethodLogger - Entering method: processElement
2023-11-29 11:09:24,544 [main] INFO  MethodLogger - Entering method: processElement
2023-11-29 11:09:24,544 [main] INFO  MethodLogger - Exiting method: processElement
2023-11-29 11:09:24,544 [main] INFO  MethodLogger - Entering method: processElement
2023-11-29 11:09:24,544 [main] INFO  MethodLogger - Exiting method: processElement
2023-11-29 11:09:24,544 [main] INFO  MethodLogger - Exiting method: processElement
2023-11-29 11:09:24,544 [main] INFO  MethodLogger - Entering method: processElement
2023-11-29 11:09:24,545 [main] INFO  MethodLogger - Exiting method: processElement
2023-11-29 11:09:24,545 [main] INFO  MethodLogger - Entering method: processElement
2023-11-29 11:09:24,545 [main] INFO  MethodLogger - Exiting method: processElement
2023-11-29 11:09:24,545 [main] INFO  MethodLogger - Entering method: processElement
2023-11-29 11:09:24,545 [main] INFO  MethodLogger - Entering method: processElement
2023-11-29 11:09:24,545 [main] INFO  MethodLogger - Exiting method: processElement
2023-11-29 11:09:24,545 [main] INFO  MethodLogger - Entering method: processElement
2023-11-29 11:09:24,545 [main] INFO  MethodLogger - Entering method: processElement
2023-11-29 11:09:24,545 [main] INFO  MethodLogger - Entering method: processElement
2023-11-29 11:09:24,545 [main] INFO  MethodLogger - Entering method: processElement
2023-11-29 11:09:24,545 [main] INFO  MethodLogger - Exiting method: processElement
2023-11-29 11:09:24,546 [main] INFO  MethodLogger - Entering method: processElement
2023-11-29 11:09:24,546 [main] INFO  MethodLogger - Entering method: processElement
2023-11-29 11:09:24,546 [main] INFO  MethodLogger - Exiting method: processElement
2023-11-29 11:09:24,546 [main] INFO  MethodLogger - Exiting method: processElement
2023-11-29 11:09:24,546 [main] INFO  MethodLogger - Entering method: processElement
2023-11-29 11:09:24,546 [main] INFO  MethodLogger - Exiting method: processElement
2023-11-29 11:09:24,546 [main] INFO  MethodLogger - Exiting method: processElement
2023-11-29 11:09:24,546 [main] INFO  MethodLogger - Exiting method: processElement
2023-11-29 11:09:24,546 [main] INFO  MethodLogger - Exiting method: processElement
2023-11-29 11:09:24,546 [main] INFO  MethodLogger - Exiting method: processElement
2023-11-29 11:09:24,546 [main] INFO  MethodLogger - Entering method: processElement
2023-11-29 11:09:24,546 [main] INFO  MethodLogger - Entering method: processElement
2023-11-29 11:09:24,546 [main] INFO  MethodLogger - Entering method: processElement
2023-11-29 11:09:24,546 [main] INFO  MethodLogger - Entering method: processElement
2023-11-29 11:09:24,546 [main] INFO  MethodLogger - Exiting method: processElement
2023-11-29 11:09:24,546 [main] INFO  MethodLogger - Exiting method: processElement
2023-11-29 11:09:24,546 [main] INFO  MethodLogger - Exiting method: processElement
2023-11-29 11:09:24,546 [main] INFO  MethodLogger - Exiting method: processElement
2023-11-29 11:09:24,547 [main] INFO  MethodLogger - Entering method: processElement
2023-11-29 11:09:24,547 [main] INFO  MethodLogger - Entering method: processElement
2023-11-29 11:09:24,547 [main] INFO  MethodLogger - Entering method: processElement
2023-11-29 11:09:24,547 [main] INFO  MethodLogger - Exiting method: processElement
2023-11-29 11:09:24,547 [main] INFO  MethodLogger - Exiting method: processElement
2023-11-29 11:09:24,547 [main] INFO  MethodLogger - Exiting method: processElement
2023-11-29 11:09:24,547 [main] INFO  MethodLogger - Entering method: processElement
2023-11-29 11:09:24,547 [main] INFO  MethodLogger - Entering method: processElement
2023-11-29 11:09:24,547 [main] INFO  MethodLogger - Entering method: processElement
2023-11-29 11:09:24,547 [main] INFO  MethodLogger - Exiting method: processElement
2023-11-29 11:09:24,547 [main] INFO  MethodLogger - Exiting method: processElement
2023-11-29 11:09:24,547 [main] INFO  MethodLogger - Exiting method: processElement
2023-11-29 11:09:24,547 [main] INFO  MethodLogger - Entering method: processElement
2023-11-29 11:09:24,547 [main] INFO  MethodLogger - Entering method: processElement
2023-11-29 11:09:24,547 [main] INFO  MethodLogger - Exiting method: processElement
2023-11-29 11:09:24,547 [main] INFO  MethodLogger - Entering method: processElement
2023-11-29 11:09:24,547 [main] INFO  MethodLogger - Entering method: processElement
2023-11-29 11:09:24,547 [main] INFO  MethodLogger - Entering method: processElement
2023-11-29 11:09:24,548 [main] INFO  MethodLogger - Entering method: processElement
2023-11-29 11:09:24,548 [main] INFO  MethodLogger - Exiting method: processElement
2023-11-29 11:09:24,548 [main] INFO  MethodLogger - Entering method: processElement
2023-11-29 11:09:24,548 [main] INFO  MethodLogger - Entering method: processElement
2023-11-29 11:09:24,548 [main] INFO  MethodLogger - Exiting method: processElement
2023-11-29 11:09:24,548 [main] INFO  MethodLogger - Exiting method: processElement
2023-11-29 11:09:24,548 [main] INFO  MethodLogger - Entering method: processElement
2023-11-29 11:09:24,548 [main] INFO  MethodLogger - Exiting method: processElement
2023-11-29 11:09:24,548 [main] INFO  MethodLogger - Exiting method: processElement
2023-11-29 11:09:24,548 [main] INFO  MethodLogger - Exiting method: processElement
2023-11-29 11:09:24,548 [main] INFO  MethodLogger - Exiting method: processElement
2023-11-29 11:09:24,548 [main] INFO  MethodLogger - Exiting method: processElement
2023-11-29 11:09:24,548 [main] INFO  MethodLogger - Entering method: processElement
2023-11-29 11:09:24,548 [main] INFO  MethodLogger - Entering method: processElement
2023-11-29 11:09:24,548 [main] INFO  MethodLogger - Entering method: processElement
2023-11-29 11:09:24,548 [main] INFO  MethodLogger - Entering method: processElement
2023-11-29 11:09:24,549 [main] INFO  MethodLogger - Exiting method: processElement
2023-11-29 11:09:24,549 [main] INFO  MethodLogger - Exiting method: processElement
2023-11-29 11:09:24,549 [main] INFO  MethodLogger - Exiting method: processElement
2023-11-29 11:09:24,549 [main] INFO  MethodLogger - Exiting method: processElement
2023-11-29 11:09:24,549 [main] INFO  MethodLogger - Exiting method: processElement
2023-11-29 11:09:24,549 [main] INFO  MethodLogger - Entering method: processElement
2023-11-29 11:09:24,549 [main] INFO  MethodLogger - Entering method: processElement
2023-11-29 11:09:24,549 [main] INFO  MethodLogger - Exiting method: processElement
2023-11-29 11:09:24,549 [main] INFO  MethodLogger - Entering method: processElement
2023-11-29 11:09:24,549 [main] INFO  MethodLogger - Entering method: processElement
2023-11-29 11:09:24,549 [main] INFO  MethodLogger - Entering method: processElement
2023-11-29 11:09:24,549 [main] INFO  MethodLogger - Exiting method: processElement
2023-11-29 11:09:24,549 [main] INFO  MethodLogger - Entering method: processElement
2023-11-29 11:09:24,549 [main] INFO  MethodLogger - Exiting method: processElement
2023-11-29 11:09:24,549 [main] INFO  MethodLogger - Entering method: processElement
2023-11-29 11:09:24,550 [main] INFO  MethodLogger - Exiting method: processElement
2023-11-29 11:09:24,550 [main] INFO  MethodLogger - Entering method: processElement
2023-11-29 11:09:24,550 [main] INFO  MethodLogger - Exiting method: processElement
2023-11-29 11:09:24,550 [main] INFO  MethodLogger - Entering method: processElement
2023-11-29 11:09:24,550 [main] INFO  MethodLogger - Exiting method: processElement
2023-11-29 11:09:24,550 [main] INFO  MethodLogger - Entering method: processElement
2023-11-29 11:09:24,550 [main] INFO  MethodLogger - Exiting method: processElement
2023-11-29 11:09:24,550 [main] INFO  MethodLogger - Entering method: processElement
2023-11-29 11:09:24,550 [main] INFO  MethodLogger - Exiting method: processElement
2023-11-29 11:09:24,550 [main] INFO  MethodLogger - Entering method: processElement
2023-11-29 11:09:24,550 [main] INFO  MethodLogger - Exiting method: processElement
2023-11-29 11:09:24,550 [main] INFO  MethodLogger - Entering method: processElement
2023-11-29 11:09:24,550 [main] INFO  MethodLogger - Exiting method: processElement
2023-11-29 11:09:24,550 [main] INFO  MethodLogger - Entering method: processElement
2023-11-29 11:09:24,551 [main] INFO  MethodLogger - Exiting method: processElement
2023-11-29 11:09:24,551 [main] INFO  MethodLogger - Entering method: processElement
2023-11-29 11:09:24,551 [main] INFO  MethodLogger - Exiting method: processElement
2023-11-29 11:09:24,551 [main] INFO  MethodLogger - Entering method: processElement
2023-11-29 11:09:24,551 [main] INFO  MethodLogger - Exiting method: processElement
2023-11-29 11:09:24,551 [main] INFO  MethodLogger - Entering method: processElement
2023-11-29 11:09:24,551 [main] INFO  MethodLogger - Exiting method: processElement
2023-11-29 11:09:24,551 [main] INFO  MethodLogger - Entering method: processElement
2023-11-29 11:09:24,551 [main] INFO  MethodLogger - Exiting method: processElement
2023-11-29 11:09:24,551 [main] INFO  MethodLogger - Entering method: processElement
2023-11-29 11:09:24,551 [main] INFO  MethodLogger - Exiting method: processElement
2023-11-29 11:09:24,551 [main] INFO  MethodLogger - Exiting method: processElement
2023-11-29 11:09:24,551 [main] INFO  MethodLogger - Exiting method: processElement
2023-11-29 11:09:24,551 [main] INFO  MethodLogger - Exiting method: processElement
2023-11-29 11:09:24,551 [main] INFO  MethodLogger - Exiting method: processElement
2023-11-29 11:09:24,551 [main] INFO  java_xml_parser.XMLParser - CdtTrfTxInf~Dbtr~Id~PrvtId~Othr~Id : Max24Text
2023-11-29 11:09:24,552 [main] INFO  java_xml_parser.XMLParser - CdtTrfTxInf~PmtId~EndToEndId : 30Text
2023-11-29 11:09:24,552 [main] INFO  java_xml_parser.XMLParser - SplmtryData~Envlp~ns2:achSupplementaryData~ns2:grpMerchId : Text(16)
2023-11-29 11:09:24,552 [main] INFO  java_xml_parser.XMLParser - SplmtryData~Envlp~ns2:achSupplementaryData~ns2:consumerID : Text(16)
2023-11-29 11:09:24,552 [main] INFO  java_xml_parser.XMLParser - SplmtryData~Envlp~ns2:achSupplementaryData~ns2:tipOrConvnceIndctr : Number(2)
2023-11-29 11:09:24,552 [main] INFO  java_xml_parser.XMLParser - SplmtryData~Envlp~ns2:achSupplementaryData~ns2:postCd : Text(10)
2023-11-29 11:09:24,552 [main] INFO  java_xml_parser.XMLParser - CdtTrfTxInf~Cdtr~Id~PrvtId~Othr~Id : Max24Text
2023-11-29 11:09:24,552 [main] INFO  java_xml_parser.XMLParser - GrpHdr~SttlmInf~SttlmnMtd : CLRG
2023-11-29 11:09:24,552 [main] INFO  java_xml_parser.XMLParser - CdtTrfTxInf~DbtrAcct~Id~Othr~Id : Max34Text
2023-11-29 11:09:24,552 [main] INFO  java_xml_parser.XMLParser - GrpHdr~PmtTpInf~LclInstrm~Cd : TEL
2023-11-29 11:09:24,552 [main] INFO  java_xml_parser.XMLParser - SplmtryData~Envlp~ns2:achSupplementaryData~ns2:merchCategoryCd : Number(4)
2023-11-29 11:09:24,552 [main] INFO  java_xml_parser.XMLParser - GrpHdr~TtlIntrBkSttlmAmt : ="QAR">100
2023-11-29 11:09:24,552 [main] INFO  java_xml_parser.XMLParser - GrpHdr~FinInstnId~BICFI : consist of eight (8) or eleven (11) contiguous characters
2023-11-29 11:09:24,552 [main] INFO  java_xml_parser.XMLParser - GrpHdr~SttlmInf~ClrSys~Prtry : QCB
2023-11-29 11:09:24,552 [main] INFO  java_xml_parser.XMLParser - SplmtryData~Envlp~ns2:achSupplementaryData~ns2:merchantCity : Text (15)
2023-11-29 11:09:24,552 [main] INFO  java_xml_parser.XMLParser - GrpHdr~NbOfTxs : ##"Group Header/Number Of Transactions" must equal the number of occurrences of "Credit Transfer Transaction Information".
2023-11-29 11:09:24,552 [main] INFO  java_xml_parser.XMLParser - SplmtryData~Envlp~ns2:achSupplementaryData~ns2:batchSource : Number(2)
2023-11-29 11:09:24,552 [main] INFO  java_xml_parser.XMLParser - CdtTrfTxInf~Dbtr~Id~PrvtId~Othr~SchmeNm~Prtry : Max4Text
2023-11-29 11:09:24,552 [main] INFO  java_xml_parser.XMLParser - CdtTrfTxInf~Cdtr~Id~PrvtId~Othr~Issr : It will hold the country where the ID was issued.
2023-11-29 11:09:24,552 [main] INFO  java_xml_parser.XMLParser - GrpHdr~MsgId : QNBA123548456215
2023-11-29 11:09:24,552 [main] INFO  java_xml_parser.XMLParser - GrpHdr~IntrBkSttlmDt : 2015-05-26
2023-11-29 11:09:24,552 [main] INFO  java_xml_parser.XMLParser - CdtTrfTxInf~Dbtr~Id~PrvtId~Othr~Issr : SO 3166, Alpha-2 code
2023-11-29 11:09:24,552 [main] INFO  java_xml_parser.XMLParser - SplmtryData~Envlp~ns2:achSupplementaryData~ns2:countryCd : Text(2)
2023-11-29 11:09:24,552 [main] INFO  java_xml_parser.XMLParser - CdtTrfTxInf~DbtrAgt~FinInstnId~BICFI : consist of eight (8) or eleven (11) contiguous characters
2023-11-29 11:09:24,552 [main] INFO  java_xml_parser.XMLParser - CdtTrfTxInf~Cdtr~Id~PrvtId~Othr~SchmeNm~Prtry : Max4Text
2023-11-29 11:09:24,552 [main] INFO  java_xml_parser.XMLParser - CdtTrfTxInf~CdtrAgt~FinInstnId~BICFI : it will contain the BIC of the QMP system as assigned by QCB.
2023-11-29 11:09:24,552 [main] INFO  java_xml_parser.XMLParser - SplmtryData~Envlp~ns2:achSupplementaryData~ns2:pntOfInitiateMethd : Number(2)
2023-11-29 11:09:24,552 [main] INFO  java_xml_parser.XMLParser - GrpHdr~CreDtTm : >2017-03-06T17:35:18.138+04:00
2023-11-29 11:09:24,552 [main] INFO  java_xml_parser.XMLParser - CdtTrfTxInf~IntrBkSttlmAmt : ="QAR">100
2023-11-29 11:09:24,552 [main] INFO  java_xml_parser.XMLParser - SplmtryData~Envlp~ns2:achSupplementaryData~ns2:sessionSequence : Number(6)
2023-11-29 11:09:24,553 [main] INFO  java_xml_parser.XMLParser - SplmtryData~Envlp~ns2:achSupplementaryData~ns2:filler : Text(30)
2023-11-29 11:09:24,553 [main] INFO  java_xml_parser.XMLParser - GrpHdr~InstdAgt~FinInstnId~BICFI : QMAGQAQAMPC
2023-11-29 11:09:24,553 [main] INFO  java_xml_parser.XMLParser - CdtTrfTxInf~Dbtr~Nm : Max105Text
2023-11-29 11:09:24,553 [main] INFO  java_xml_parser.XMLParser - GrpHdr~PmtTpInf~CtgyPurp~Prtry : 36TEXT
2023-11-29 11:09:24,553 [main] INFO  java_xml_parser.XMLParser - CdtTrfTxInf~Cdtr~Nm : Max105Text
2023-11-29 11:09:24,553 [main] INFO  java_xml_parser.XMLParser - CdtTrfTxInf~CdtrAcct~Id~Othr~Id : Max34Text
2023-11-29 11:09:24,553 [main] INFO  java_xml_parser.XMLParser - SplmtryData~Envlp~ns2:achSupplementaryData~ns2:terminalId : Text (16)
2023-11-29 11:09:24,553 [main] INFO  java_xml_parser.XMLParser - CdtTrfTxInf~PmtId~TxId : 16Text
2023-11-29 11:09:24,553 [main] INFO  java_xml_parser.XMLParser - CdtTrfTxInf~ChrgBr : SLEV
2023-11-29 11:09:24,553 [main] INFO  java_xml_parser.XMLParser - SplmtryData~Envlp~ns2:achSupplementaryData~ns2:merchantName : Text (20)
2023-11-29 11:09:24,553 [main] INFO  java_xml_parser.XMLParser - SplmtryData~PlcAndNm : Text
2023-11-29 11:09:24,553 [main] INFO  java_xml_parser.XMLParser - SplmtryData~Envlp~ns2:achSupplementaryData~ns2:feePercentage : Decimal
2023-11-29 11:09:24,553 [main] INFO  java_xml_parser.XMLParser - SplmtryData~Envlp~ns2:achSupplementaryData~ns2:invoiceNumber : Number(20)
2023-11-29 11:09:24,553 [main] INFO  java_xml_parser.XMLParser - CdtTrfTxInf~Dbtr~Id~PrvtId~Othr~Id : Max24Text
2023-11-29 11:09:24,553 [main] INFO  java_xml_parser.XMLParser - CdtTrfTxInf~PmtId~EndToEndId : 30Text
2023-11-29 11:09:24,553 [main] INFO  java_xml_parser.XMLParser - SplmtryData~Envlp~ns2:achSupplementaryData~ns2:grpMerchId : Text(16)
2023-11-29 11:09:24,553 [main] INFO  java_xml_parser.XMLParser - SplmtryData~Envlp~ns2:achSupplementaryData~ns2:consumerID : Text(16)
2023-11-29 11:09:24,553 [main] INFO  java_xml_parser.XMLParser - SplmtryData~Envlp~ns2:achSupplementaryData~ns2:tipOrConvnceIndctr : Number(2)
2023-11-29 11:09:24,553 [main] INFO  java_xml_parser.XMLParser - SplmtryData~Envlp~ns2:achSupplementaryData~ns2:postCd : Text(10)
2023-11-29 11:09:24,553 [main] INFO  java_xml_parser.XMLParser - CdtTrfTxInf~Cdtr~Id~PrvtId~Othr~Id : Max24Text
2023-11-29 11:09:24,553 [main] INFO  java_xml_parser.XMLParser - GrpHdr~SttlmInf~SttlmnMtd : CLRG
2023-11-29 11:09:24,553 [main] INFO  java_xml_parser.XMLParser - CdtTrfTxInf~DbtrAcct~Id~Othr~Id : Max34Text
2023-11-29 11:09:24,553 [main] INFO  java_xml_parser.XMLParser - GrpHdr~PmtTpInf~LclInstrm~Cd : TEL
2023-11-29 11:09:24,554 [main] INFO  java_xml_parser.XMLParser - SplmtryData~Envlp~ns2:achSupplementaryData~ns2:merchCategoryCd : Number(4)
2023-11-29 11:09:24,554 [main] INFO  java_xml_parser.XMLParser - GrpHdr~TtlIntrBkSttlmAmt : ="QAR">100
2023-11-29 11:09:24,554 [main] INFO  java_xml_parser.XMLParser - GrpHdr~FinInstnId~BICFI : consist of eight (8) or eleven (11) contiguous characters
2023-11-29 11:09:24,554 [main] INFO  java_xml_parser.XMLParser - GrpHdr~SttlmInf~ClrSys~Prtry : QCB
2023-11-29 11:09:24,554 [main] INFO  java_xml_parser.XMLParser - SplmtryData~Envlp~ns2:achSupplementaryData~ns2:merchantCity : Text (15)
2023-11-29 11:09:24,554 [main] INFO  java_xml_parser.XMLParser - GrpHdr~NbOfTxs : ##"Group Header/Number Of Transactions" must equal the number of occurrences of "Credit Transfer Transaction Information".
2023-11-29 11:09:24,554 [main] INFO  java_xml_parser.XMLParser - SplmtryData~Envlp~ns2:achSupplementaryData~ns2:batchSource : Number(2)
2023-11-29 11:09:24,554 [main] INFO  java_xml_parser.XMLParser - CdtTrfTxInf~Dbtr~Id~PrvtId~Othr~SchmeNm~Prtry : Max4Text
2023-11-29 11:09:24,554 [main] INFO  java_xml_parser.XMLParser - CdtTrfTxInf~Cdtr~Id~PrvtId~Othr~Issr : It will hold the country where the ID was issued.
2023-11-29 11:09:24,554 [main] INFO  java_xml_parser.XMLParser - GrpHdr~MsgId : QNBA123548456215
2023-11-29 11:09:24,554 [main] INFO  java_xml_parser.XMLParser - GrpHdr~IntrBkSttlmDt : 2015-05-26
2023-11-29 11:09:24,554 [main] INFO  java_xml_parser.XMLParser - CdtTrfTxInf~Dbtr~Id~PrvtId~Othr~Issr : SO 3166, Alpha-2 code
2023-11-29 11:09:24,554 [main] INFO  java_xml_parser.XMLParser - SplmtryData~Envlp~ns2:achSupplementaryData~ns2:countryCd : Text(2)
2023-11-29 11:09:24,554 [main] INFO  java_xml_parser.XMLParser - CdtTrfTxInf~DbtrAgt~FinInstnId~BICFI : consist of eight (8) or eleven (11) contiguous characters
2023-11-29 11:09:24,554 [main] INFO  java_xml_parser.XMLParser - CdtTrfTxInf~Cdtr~Id~PrvtId~Othr~SchmeNm~Prtry : Max4Text
2023-11-29 11:09:24,554 [main] INFO  java_xml_parser.XMLParser - CdtTrfTxInf~CdtrAgt~FinInstnId~BICFI : it will contain the BIC of the QMP system as assigned by QCB.
2023-11-29 11:09:24,554 [main] INFO  java_xml_parser.XMLParser - SplmtryData~Envlp~ns2:achSupplementaryData~ns2:pntOfInitiateMethd : Number(2)
2023-11-29 11:09:24,554 [main] INFO  java_xml_parser.XMLParser - GrpHdr~CreDtTm : >2017-03-06T17:35:18.138+04:00
2023-11-29 11:09:24,554 [main] INFO  java_xml_parser.XMLParser - CdtTrfTxInf~IntrBkSttlmAmt : ="QAR">100
2023-11-29 11:09:24,554 [main] INFO  java_xml_parser.XMLParser - SplmtryData~Envlp~ns2:achSupplementaryData~ns2:sessionSequence : Number(6)
2023-11-29 11:09:24,554 [main] INFO  java_xml_parser.XMLParser - SplmtryData~Envlp~ns2:achSupplementaryData~ns2:filler : Text(30)
2023-11-29 11:09:24,554 [main] INFO  java_xml_parser.XMLParser - GrpHdr~InstdAgt~FinInstnId~BICFI : QMAGQAQAMPC
2023-11-29 11:09:24,554 [main] INFO  java_xml_parser.XMLParser - CdtTrfTxInf~Dbtr~Nm : Max105Text
2023-11-29 11:09:24,554 [main] INFO  java_xml_parser.XMLParser - GrpHdr~PmtTpInf~CtgyPurp~Prtry : 36TEXT
2023-11-29 11:09:24,554 [main] INFO  java_xml_parser.XMLParser - CdtTrfTxInf~Cdtr~Nm : Max105Text
2023-11-29 11:09:24,554 [main] INFO  java_xml_parser.XMLParser - CdtTrfTxInf~CdtrAcct~Id~Othr~Id : Max34Text
2023-11-29 11:09:24,554 [main] INFO  java_xml_parser.XMLParser - SplmtryData~Envlp~ns2:achSupplementaryData~ns2:terminalId : Text (16)
2023-11-29 11:09:24,554 [main] INFO  java_xml_parser.XMLParser - CdtTrfTxInf~PmtId~TxId : 16Text
2023-11-29 11:09:24,554 [main] INFO  java_xml_parser.XMLParser - CdtTrfTxInf~ChrgBr : SLEV
2023-11-29 11:09:24,554 [main] INFO  java_xml_parser.XMLParser - SplmtryData~Envlp~ns2:achSupplementaryData~ns2:merchantName : Text (20)
2023-11-29 11:09:24,554 [main] INFO  java_xml_parser.XMLParser - SplmtryData~PlcAndNm : Text
2023-11-29 11:09:24,554 [main] INFO  java_xml_parser.XMLParser - SplmtryData~Envlp~ns2:achSupplementaryData~ns2:feePercentage : Decimal
2023-11-29 11:09:24,554 [main] INFO  java_xml_parser.XMLParser - SplmtryData~Envlp~ns2:achSupplementaryData~ns2:invoiceNumber : Number(20)
2023-11-29 11:09:24,554 [main] INFO  MethodLogger - Exiting method: processChildElements
2023-11-29 11:13:48,982 [main] INFO  MethodLogger - Entering method: main
2023-11-29 11:13:52,218 [main] INFO  MethodLogger - Entering method: processChildElements
2023-11-29 11:14:51,937 [main] INFO  MethodLogger - Entering method: processElement
2023-11-29 11:16:14,615 [main] INFO  MethodLogger - Entering method: processElement
2023-11-29 11:16:23,185 [main] INFO  MethodLogger - Entering method: processElement
2023-11-29 11:18:22,266 [main] INFO  MethodLogger - Exiting method: processElement
2023-11-29 11:18:22,270 [main] INFO  MethodLogger - Entering method: processElement
2023-11-29 11:20:25,981 [main] INFO  MethodLogger - Exiting method: processElement
2023-11-29 11:20:25,983 [main] INFO  MethodLogger - Entering method: processElement
2023-11-29 11:20:28,815 [main] INFO  MethodLogger - Exiting method: processElement
2023-11-29 11:20:28,818 [main] INFO  MethodLogger - Entering method: processElement
2023-11-29 11:20:29,095 [main] INFO  MethodLogger - Exiting method: processElement
2023-11-29 11:20:29,099 [main] INFO  MethodLogger - Entering method: processElement
2023-11-29 11:20:29,286 [main] INFO  MethodLogger - Exiting method: processElement
2023-11-29 11:20:29,287 [main] INFO  MethodLogger - Entering method: processElement
2023-11-29 11:20:29,483 [main] INFO  MethodLogger - Entering method: processElement
2023-11-29 11:20:29,646 [main] INFO  MethodLogger - Exiting method: processElement
2023-11-29 11:20:29,647 [main] INFO  MethodLogger - Entering method: processElement
2023-11-29 11:20:31,926 [main] INFO  MethodLogger - Entering method: processElement
2023-11-29 11:20:31,928 [main] INFO  MethodLogger - Exiting method: processElement
2023-11-29 11:20:31,937 [main] INFO  MethodLogger - Exiting method: processElement
2023-11-29 11:20:31,938 [main] INFO  MethodLogger - Exiting method: processElement
2023-11-29 11:20:31,939 [main] INFO  MethodLogger - Entering method: processElement
2023-11-29 11:20:31,940 [main] INFO  MethodLogger - Entering method: processElement
2023-11-29 11:20:31,941 [main] INFO  MethodLogger - Entering method: processElement
2023-11-29 11:20:31,942 [main] INFO  MethodLogger - Exiting method: processElement
2023-11-29 11:20:31,965 [main] INFO  MethodLogger - Exiting method: processElement
2023-11-29 11:20:31,966 [main] INFO  MethodLogger - Entering method: processElement
2023-11-29 11:20:31,967 [main] INFO  MethodLogger - Entering method: processElement
2023-11-29 11:20:31,968 [main] INFO  MethodLogger - Exiting method: processElement
2023-11-29 11:20:31,969 [main] INFO  MethodLogger - Exiting method: processElement
2023-11-29 11:20:31,971 [main] INFO  MethodLogger - Exiting method: processElement
2023-11-29 11:20:31,973 [main] INFO  MethodLogger - Entering method: processElement
2023-11-29 11:20:31,974 [main] INFO  MethodLogger - Entering method: processElement
2023-11-29 11:20:31,975 [main] INFO  MethodLogger - Exiting method: processElement
2023-11-29 11:20:31,975 [main] INFO  MethodLogger - Exiting method: processElement
2023-11-29 11:20:31,977 [main] INFO  MethodLogger - Entering method: processElement
2023-11-29 11:20:31,978 [main] INFO  MethodLogger - Entering method: processElement
2023-11-29 11:20:31,979 [main] INFO  MethodLogger - Entering method: processElement
2023-11-29 11:20:31,980 [main] INFO  MethodLogger - Exiting method: processElement
2023-11-29 11:20:31,980 [main] INFO  MethodLogger - Exiting method: processElement
2023-11-29 11:20:31,981 [main] INFO  MethodLogger - Exiting method: processElement
2023-11-29 11:20:31,981 [main] INFO  MethodLogger - Exiting method: processElement
2023-11-29 11:20:31,982 [main] INFO  MethodLogger - Entering method: processElement
2023-11-29 11:20:31,983 [main] INFO  MethodLogger - Entering method: processElement
2023-11-29 11:20:31,983 [main] INFO  MethodLogger - Entering method: processElement
2023-11-29 11:20:31,984 [main] INFO  MethodLogger - Exiting method: processElement
2023-11-29 11:20:31,984 [main] INFO  MethodLogger - Entering method: processElement
2023-11-29 11:20:31,985 [main] INFO  MethodLogger - Exiting method: processElement
2023-11-29 11:20:31,985 [main] INFO  MethodLogger - Exiting method: processElement
2023-11-29 11:20:31,985 [main] INFO  MethodLogger - Entering method: processElement
2023-11-29 11:20:31,985 [main] INFO  MethodLogger - Exiting method: processElement
2023-11-29 11:20:31,987 [main] INFO  MethodLogger - Entering method: processElement
2023-11-29 11:20:31,987 [main] INFO  MethodLogger - Exiting method: processElement
2023-11-29 11:20:31,989 [main] INFO  MethodLogger - Entering method: processElement
2023-11-29 11:20:31,990 [main] INFO  MethodLogger - Entering method: processElement
2023-11-29 11:20:31,990 [main] INFO  MethodLogger - Exiting method: processElement
2023-11-29 11:20:31,991 [main] INFO  MethodLogger - Entering method: processElement
2023-11-29 11:20:31,992 [main] INFO  MethodLogger - Entering method: processElement
2023-11-29 11:20:31,992 [main] INFO  MethodLogger - Entering method: processElement
2023-11-29 11:20:31,993 [main] INFO  MethodLogger - Entering method: processElement
2023-11-29 11:20:31,994 [main] INFO  MethodLogger - Exiting method: processElement
2023-11-29 11:20:31,995 [main] INFO  MethodLogger - Entering method: processElement
2023-11-29 11:20:31,996 [main] INFO  MethodLogger - Entering method: processElement
2023-11-29 11:20:31,997 [main] INFO  MethodLogger - Exiting method: processElement
2023-11-29 11:20:32,001 [main] INFO  MethodLogger - Exiting method: processElement
2023-11-29 11:20:32,006 [main] INFO  MethodLogger - Entering method: processElement
2023-11-29 11:20:32,006 [main] INFO  MethodLogger - Exiting method: processElement
2023-11-29 11:20:32,006 [main] INFO  MethodLogger - Exiting method: processElement
2023-11-29 11:20:32,006 [main] INFO  MethodLogger - Exiting method: processElement
2023-11-29 11:20:32,007 [main] INFO  MethodLogger - Exiting method: processElement
2023-11-29 11:20:32,007 [main] INFO  MethodLogger - Exiting method: processElement
2023-11-29 11:20:32,007 [main] INFO  MethodLogger - Entering method: processElement
2023-11-29 11:20:32,007 [main] INFO  MethodLogger - Entering method: processElement
2023-11-29 11:20:32,007 [main] INFO  MethodLogger - Entering method: processElement
2023-11-29 11:20:32,007 [main] INFO  MethodLogger - Entering method: processElement
2023-11-29 11:20:32,007 [main] INFO  MethodLogger - Exiting method: processElement
2023-11-29 11:20:32,007 [main] INFO  MethodLogger - Exiting method: processElement
2023-11-29 11:20:32,007 [main] INFO  MethodLogger - Exiting method: processElement
2023-11-29 11:20:32,007 [main] INFO  MethodLogger - Exiting method: processElement
2023-11-29 11:20:32,008 [main] INFO  MethodLogger - Entering method: processElement
2023-11-29 11:20:32,008 [main] INFO  MethodLogger - Entering method: processElement
2023-11-29 11:20:32,008 [main] INFO  MethodLogger - Entering method: processElement
2023-11-29 11:20:32,008 [main] INFO  MethodLogger - Exiting method: processElement
2023-11-29 11:20:32,008 [main] INFO  MethodLogger - Exiting method: processElement
2023-11-29 11:20:32,008 [main] INFO  MethodLogger - Exiting method: processElement
2023-11-29 11:20:32,008 [main] INFO  MethodLogger - Entering method: processElement
2023-11-29 11:20:32,008 [main] INFO  MethodLogger - Entering method: processElement
2023-11-29 11:20:32,008 [main] INFO  MethodLogger - Entering method: processElement
2023-11-29 11:20:32,008 [main] INFO  MethodLogger - Exiting method: processElement
2023-11-29 11:20:32,008 [main] INFO  MethodLogger - Exiting method: processElement
2023-11-29 11:20:32,009 [main] INFO  MethodLogger - Exiting method: processElement
2023-11-29 11:20:32,009 [main] INFO  MethodLogger - Entering method: processElement
2023-11-29 11:20:32,009 [main] INFO  MethodLogger - Entering method: processElement
2023-11-29 11:20:32,009 [main] INFO  MethodLogger - Exiting method: processElement
2023-11-29 11:20:32,009 [main] INFO  MethodLogger - Entering method: processElement
2023-11-29 11:20:32,009 [main] INFO  MethodLogger - Entering method: processElement
2023-11-29 11:20:32,009 [main] INFO  MethodLogger - Entering method: processElement
2023-11-29 11:20:32,009 [main] INFO  MethodLogger - Entering method: processElement
2023-11-29 11:20:32,009 [main] INFO  MethodLogger - Exiting method: processElement
2023-11-29 11:20:32,010 [main] INFO  MethodLogger - Entering method: processElement
2023-11-29 11:20:32,010 [main] INFO  MethodLogger - Entering method: processElement
2023-11-29 11:20:32,010 [main] INFO  MethodLogger - Exiting method: processElement
2023-11-29 11:20:32,010 [main] INFO  MethodLogger - Exiting method: processElement
2023-11-29 11:20:32,010 [main] INFO  MethodLogger - Entering method: processElement
2023-11-29 11:20:32,010 [main] INFO  MethodLogger - Exiting method: processElement
2023-11-29 11:20:32,010 [main] INFO  MethodLogger - Exiting method: processElement
2023-11-29 11:20:32,010 [main] INFO  MethodLogger - Exiting method: processElement
2023-11-29 11:20:32,010 [main] INFO  MethodLogger - Exiting method: processElement
2023-11-29 11:20:32,010 [main] INFO  MethodLogger - Exiting method: processElement
2023-11-29 11:20:32,010 [main] INFO  MethodLogger - Entering method: processElement
2023-11-29 11:20:32,010 [main] INFO  MethodLogger - Entering method: processElement
2023-11-29 11:20:32,011 [main] INFO  MethodLogger - Entering method: processElement
2023-11-29 11:20:32,011 [main] INFO  MethodLogger - Entering method: processElement
2023-11-29 11:20:32,011 [main] INFO  MethodLogger - Exiting method: processElement
2023-11-29 11:20:32,011 [main] INFO  MethodLogger - Exiting method: processElement
2023-11-29 11:20:32,011 [main] INFO  MethodLogger - Exiting method: processElement
2023-11-29 11:20:32,011 [main] INFO  MethodLogger - Exiting method: processElement
2023-11-29 11:20:32,011 [main] INFO  MethodLogger - Exiting method: processElement
2023-11-29 11:20:32,011 [main] INFO  MethodLogger - Entering method: processElement
2023-11-29 11:20:32,011 [main] INFO  MethodLogger - Entering method: processElement
2023-11-29 11:20:32,011 [main] INFO  MethodLogger - Exiting method: processElement
2023-11-29 11:20:32,011 [main] INFO  MethodLogger - Entering method: processElement
2023-11-29 11:20:32,012 [main] INFO  MethodLogger - Entering method: processElement
2023-11-29 11:20:32,012 [main] INFO  MethodLogger - Entering method: processElement
2023-11-29 11:20:32,012 [main] INFO  MethodLogger - Exiting method: processElement
2023-11-29 11:20:32,012 [main] INFO  MethodLogger - Entering method: processElement
2023-11-29 11:20:32,012 [main] INFO  MethodLogger - Exiting method: processElement
2023-11-29 11:20:32,012 [main] INFO  MethodLogger - Entering method: processElement
2023-11-29 11:20:32,012 [main] INFO  MethodLogger - Exiting method: processElement
2023-11-29 11:20:32,012 [main] INFO  MethodLogger - Entering method: processElement
2023-11-29 11:20:32,012 [main] INFO  MethodLogger - Exiting method: processElement
2023-11-29 11:20:32,013 [main] INFO  MethodLogger - Entering method: processElement
2023-11-29 11:20:32,013 [main] INFO  MethodLogger - Exiting method: processElement
2023-11-29 11:20:32,013 [main] INFO  MethodLogger - Entering method: processElement
2023-11-29 11:20:32,013 [main] INFO  MethodLogger - Exiting method: processElement
2023-11-29 11:20:32,013 [main] INFO  MethodLogger - Entering method: processElement
2023-11-29 11:20:32,013 [main] INFO  MethodLogger - Exiting method: processElement
2023-11-29 11:20:32,013 [main] INFO  MethodLogger - Entering method: processElement
2023-11-29 11:20:32,013 [main] INFO  MethodLogger - Exiting method: processElement
2023-11-29 11:20:32,013 [main] INFO  MethodLogger - Entering method: processElement
2023-11-29 11:20:32,013 [main] INFO  MethodLogger - Exiting method: processElement
2023-11-29 11:20:32,013 [main] INFO  MethodLogger - Entering method: processElement
2023-11-29 11:20:32,013 [main] INFO  MethodLogger - Exiting method: processElement
2023-11-29 11:20:32,013 [main] INFO  MethodLogger - Entering method: processElement
2023-11-29 11:20:32,013 [main] INFO  MethodLogger - Exiting method: processElement
2023-11-29 11:20:32,013 [main] INFO  MethodLogger - Entering method: processElement
2023-11-29 11:20:32,013 [main] INFO  MethodLogger - Exiting method: processElement
2023-11-29 11:20:32,013 [main] INFO  MethodLogger - Entering method: processElement
2023-11-29 11:20:32,013 [main] INFO  MethodLogger - Exiting method: processElement
2023-11-29 11:20:32,013 [main] INFO  MethodLogger - Entering method: processElement
2023-11-29 11:20:32,014 [main] INFO  MethodLogger - Exiting method: processElement
2023-11-29 11:20:32,014 [main] INFO  MethodLogger - Entering method: processElement
2023-11-29 11:20:32,014 [main] INFO  MethodLogger - Exiting method: processElement
2023-11-29 11:20:32,014 [main] INFO  MethodLogger - Exiting method: processElement
2023-11-29 11:20:32,014 [main] INFO  MethodLogger - Exiting method: processElement
2023-11-29 11:20:32,014 [main] INFO  MethodLogger - Exiting method: processElement
2023-11-29 11:20:32,014 [main] INFO  MethodLogger - Exiting method: processElement
2023-11-29 11:20:32,014 [main] INFO  java_xml_parser.XMLParser - CdtTrfTxInf~Dbtr~Id~PrvtId~Othr~Id : Max24Text
2023-11-29 11:20:32,014 [main] INFO  java_xml_parser.XMLParser - CdtTrfTxInf~PmtId~EndToEndId : 30Text
2023-11-29 11:20:32,014 [main] INFO  java_xml_parser.XMLParser - SplmtryData~Envlp~ns2:achSupplementaryData~ns2:grpMerchId : Text(16)
2023-11-29 11:20:32,014 [main] INFO  java_xml_parser.XMLParser - SplmtryData~Envlp~ns2:achSupplementaryData~ns2:consumerID : Text(16)
2023-11-29 11:20:32,014 [main] INFO  java_xml_parser.XMLParser - SplmtryData~Envlp~ns2:achSupplementaryData~ns2:tipOrConvnceIndctr : Number(2)
2023-11-29 11:20:32,014 [main] INFO  java_xml_parser.XMLParser - SplmtryData~Envlp~ns2:achSupplementaryData~ns2:postCd : Text(10)
2023-11-29 11:20:32,014 [main] INFO  java_xml_parser.XMLParser - CdtTrfTxInf~Cdtr~Id~PrvtId~Othr~Id : Max24Text
2023-11-29 11:20:32,014 [main] INFO  java_xml_parser.XMLParser - GrpHdr~SttlmInf~SttlmnMtd : CLRG
2023-11-29 11:20:32,014 [main] INFO  java_xml_parser.XMLParser - CdtTrfTxInf~DbtrAcct~Id~Othr~Id : Max34Text
2023-11-29 11:20:32,014 [main] INFO  java_xml_parser.XMLParser - GrpHdr~PmtTpInf~LclInstrm~Cd : TEL
2023-11-29 11:20:32,014 [main] INFO  java_xml_parser.XMLParser - SplmtryData~Envlp~ns2:achSupplementaryData~ns2:merchCategoryCd : Number(4)
2023-11-29 11:20:32,014 [main] INFO  java_xml_parser.XMLParser - GrpHdr~TtlIntrBkSttlmAmt : ="QAR">100
2023-11-29 11:20:32,015 [main] INFO  java_xml_parser.XMLParser - GrpHdr~FinInstnId~BICFI : consist of eight (8) or eleven (11) contiguous characters
2023-11-29 11:20:32,015 [main] INFO  java_xml_parser.XMLParser - GrpHdr~SttlmInf~ClrSys~Prtry : QCB
2023-11-29 11:20:32,015 [main] INFO  java_xml_parser.XMLParser - SplmtryData~Envlp~ns2:achSupplementaryData~ns2:merchantCity : Text (15)
2023-11-29 11:20:32,015 [main] INFO  java_xml_parser.XMLParser - GrpHdr~NbOfTxs : ##"Group Header/Number Of Transactions" must equal the number of occurrences of "Credit Transfer Transaction Information".
2023-11-29 11:20:32,015 [main] INFO  java_xml_parser.XMLParser - SplmtryData~Envlp~ns2:achSupplementaryData~ns2:batchSource : Number(2)
2023-11-29 11:20:32,015 [main] INFO  java_xml_parser.XMLParser - CdtTrfTxInf~Dbtr~Id~PrvtId~Othr~SchmeNm~Prtry : Max4Text
2023-11-29 11:20:32,015 [main] INFO  java_xml_parser.XMLParser - CdtTrfTxInf~Cdtr~Id~PrvtId~Othr~Issr : It will hold the country where the ID was issued.
2023-11-29 11:20:32,015 [main] INFO  java_xml_parser.XMLParser - GrpHdr~MsgId : QNBA123548456215
2023-11-29 11:20:32,015 [main] INFO  java_xml_parser.XMLParser - GrpHdr~IntrBkSttlmDt : 2015-05-26
2023-11-29 11:20:32,015 [main] INFO  java_xml_parser.XMLParser - CdtTrfTxInf~Dbtr~Id~PrvtId~Othr~Issr : SO 3166, Alpha-2 code
2023-11-29 11:20:32,015 [main] INFO  java_xml_parser.XMLParser - SplmtryData~Envlp~ns2:achSupplementaryData~ns2:countryCd : Text(2)
2023-11-29 11:20:32,015 [main] INFO  java_xml_parser.XMLParser - CdtTrfTxInf~DbtrAgt~FinInstnId~BICFI : consist of eight (8) or eleven (11) contiguous characters
2023-11-29 11:20:32,015 [main] INFO  java_xml_parser.XMLParser - CdtTrfTxInf~Cdtr~Id~PrvtId~Othr~SchmeNm~Prtry : Max4Text
2023-11-29 11:20:32,015 [main] INFO  java_xml_parser.XMLParser - CdtTrfTxInf~CdtrAgt~FinInstnId~BICFI : it will contain the BIC of the QMP system as assigned by QCB.
2023-11-29 11:20:32,015 [main] INFO  java_xml_parser.XMLParser - SplmtryData~Envlp~ns2:achSupplementaryData~ns2:pntOfInitiateMethd : Number(2)
2023-11-29 11:20:32,015 [main] INFO  java_xml_parser.XMLParser - GrpHdr~CreDtTm : >2017-03-06T17:35:18.138+04:00
2023-11-29 11:20:32,015 [main] INFO  java_xml_parser.XMLParser - CdtTrfTxInf~IntrBkSttlmAmt : ="QAR">100
2023-11-29 11:20:32,015 [main] INFO  java_xml_parser.XMLParser - SplmtryData~Envlp~ns2:achSupplementaryData~ns2:sessionSequence : Number(6)
2023-11-29 11:20:32,015 [main] INFO  java_xml_parser.XMLParser - SplmtryData~Envlp~ns2:achSupplementaryData~ns2:filler : Text(30)
2023-11-29 11:20:32,015 [main] INFO  java_xml_parser.XMLParser - GrpHdr~InstdAgt~FinInstnId~BICFI : QMAGQAQAMPC
2023-11-29 11:20:32,015 [main] INFO  java_xml_parser.XMLParser - CdtTrfTxInf~Dbtr~Nm : Max105Text
2023-11-29 11:20:32,015 [main] INFO  java_xml_parser.XMLParser - GrpHdr~PmtTpInf~CtgyPurp~Prtry : 35TEXT
2023-11-29 11:20:32,015 [main] INFO  java_xml_parser.XMLParser - CdtTrfTxInf~Cdtr~Nm : Max105Text
2023-11-29 11:20:32,015 [main] INFO  java_xml_parser.XMLParser - CdtTrfTxInf~CdtrAcct~Id~Othr~Id : Max34Text
2023-11-29 11:20:32,015 [main] INFO  java_xml_parser.XMLParser - SplmtryData~Envlp~ns2:achSupplementaryData~ns2:terminalId : Text (16)
2023-11-29 11:20:32,015 [main] INFO  java_xml_parser.XMLParser - CdtTrfTxInf~PmtId~TxId : 16Text
2023-11-29 11:20:32,015 [main] INFO  java_xml_parser.XMLParser - CdtTrfTxInf~ChrgBr : SLEV
2023-11-29 11:20:32,015 [main] INFO  java_xml_parser.XMLParser - SplmtryData~Envlp~ns2:achSupplementaryData~ns2:merchantName : Text (20)
2023-11-29 11:20:32,015 [main] INFO  java_xml_parser.XMLParser - SplmtryData~PlcAndNm : Text
2023-11-29 11:20:32,015 [main] INFO  java_xml_parser.XMLParser - SplmtryData~Envlp~ns2:achSupplementaryData~ns2:feePercentage : Decimal
2023-11-29 11:20:32,015 [main] INFO  java_xml_parser.XMLParser - SplmtryData~Envlp~ns2:achSupplementaryData~ns2:invoiceNumber : Number(20)
2023-11-29 11:20:32,015 [main] INFO  java_xml_parser.XMLParser - CdtTrfTxInf~Dbtr~Id~PrvtId~Othr~Id : Max24Text
2023-11-29 11:20:32,015 [main] INFO  java_xml_parser.XMLParser - CdtTrfTxInf~PmtId~EndToEndId : 30Text
2023-11-29 11:20:32,015 [main] INFO  java_xml_parser.XMLParser - SplmtryData~Envlp~ns2:achSupplementaryData~ns2:grpMerchId : Text(16)
2023-11-29 11:20:32,015 [main] INFO  java_xml_parser.XMLParser - SplmtryData~Envlp~ns2:achSupplementaryData~ns2:consumerID : Text(16)
2023-11-29 11:20:32,015 [main] INFO  java_xml_parser.XMLParser - SplmtryData~Envlp~ns2:achSupplementaryData~ns2:tipOrConvnceIndctr : Number(2)
2023-11-29 11:20:32,015 [main] INFO  java_xml_parser.XMLParser - SplmtryData~Envlp~ns2:achSupplementaryData~ns2:postCd : Text(10)
2023-11-29 11:20:32,015 [main] INFO  java_xml_parser.XMLParser - CdtTrfTxInf~Cdtr~Id~PrvtId~Othr~Id : Max24Text
2023-11-29 11:20:32,015 [main] INFO  java_xml_parser.XMLParser - GrpHdr~SttlmInf~SttlmnMtd : CLRG
2023-11-29 11:20:32,015 [main] INFO  java_xml_parser.XMLParser - CdtTrfTxInf~DbtrAcct~Id~Othr~Id : Max34Text
2023-11-29 11:20:32,015 [main] INFO  java_xml_parser.XMLParser - GrpHdr~PmtTpInf~LclInstrm~Cd : TEL
2023-11-29 11:20:32,015 [main] INFO  java_xml_parser.XMLParser - SplmtryData~Envlp~ns2:achSupplementaryData~ns2:merchCategoryCd : Number(4)
2023-11-29 11:20:32,015 [main] INFO  java_xml_parser.XMLParser - GrpHdr~TtlIntrBkSttlmAmt : ="QAR">100
2023-11-29 11:20:32,015 [main] INFO  java_xml_parser.XMLParser - GrpHdr~FinInstnId~BICFI : consist of eight (8) or eleven (11) contiguous characters
2023-11-29 11:20:32,016 [main] INFO  java_xml_parser.XMLParser - GrpHdr~SttlmInf~ClrSys~Prtry : QCB
2023-11-29 11:20:32,016 [main] INFO  java_xml_parser.XMLParser - SplmtryData~Envlp~ns2:achSupplementaryData~ns2:merchantCity : Text (15)
2023-11-29 11:20:32,016 [main] INFO  java_xml_parser.XMLParser - GrpHdr~NbOfTxs : ##"Group Header/Number Of Transactions" must equal the number of occurrences of "Credit Transfer Transaction Information".
2023-11-29 11:20:32,016 [main] INFO  java_xml_parser.XMLParser - SplmtryData~Envlp~ns2:achSupplementaryData~ns2:batchSource : Number(2)
2023-11-29 11:20:32,016 [main] INFO  java_xml_parser.XMLParser - CdtTrfTxInf~Dbtr~Id~PrvtId~Othr~SchmeNm~Prtry : Max4Text
2023-11-29 11:20:32,016 [main] INFO  java_xml_parser.XMLParser - CdtTrfTxInf~Cdtr~Id~PrvtId~Othr~Issr : It will hold the country where the ID was issued.
2023-11-29 11:20:32,016 [main] INFO  java_xml_parser.XMLParser - GrpHdr~MsgId : QNBA123548456215
2023-11-29 11:20:32,016 [main] INFO  java_xml_parser.XMLParser - GrpHdr~IntrBkSttlmDt : 2015-05-26
2023-11-29 11:20:32,016 [main] INFO  java_xml_parser.XMLParser - CdtTrfTxInf~Dbtr~Id~PrvtId~Othr~Issr : SO 3166, Alpha-2 code
2023-11-29 11:20:32,016 [main] INFO  java_xml_parser.XMLParser - SplmtryData~Envlp~ns2:achSupplementaryData~ns2:countryCd : Text(2)
2023-11-29 11:20:32,016 [main] INFO  java_xml_parser.XMLParser - CdtTrfTxInf~DbtrAgt~FinInstnId~BICFI : consist of eight (8) or eleven (11) contiguous characters
2023-11-29 11:20:32,016 [main] INFO  java_xml_parser.XMLParser - CdtTrfTxInf~Cdtr~Id~PrvtId~Othr~SchmeNm~Prtry : Max4Text
2023-11-29 11:20:32,016 [main] INFO  java_xml_parser.XMLParser - CdtTrfTxInf~CdtrAgt~FinInstnId~BICFI : it will contain the BIC of the QMP system as assigned by QCB.
2023-11-29 11:20:32,016 [main] INFO  java_xml_parser.XMLParser - SplmtryData~Envlp~ns2:achSupplementaryData~ns2:pntOfInitiateMethd : Number(2)
2023-11-29 11:20:32,016 [main] INFO  java_xml_parser.XMLParser - GrpHdr~CreDtTm : >2017-03-06T17:35:18.138+04:00
2023-11-29 11:20:32,016 [main] INFO  java_xml_parser.XMLParser - CdtTrfTxInf~IntrBkSttlmAmt : ="QAR">100
2023-11-29 11:20:32,016 [main] INFO  java_xml_parser.XMLParser - SplmtryData~Envlp~ns2:achSupplementaryData~ns2:sessionSequence : Number(6)
2023-11-29 11:20:32,016 [main] INFO  java_xml_parser.XMLParser - SplmtryData~Envlp~ns2:achSupplementaryData~ns2:filler : Text(30)
2023-11-29 11:20:32,016 [main] INFO  java_xml_parser.XMLParser - GrpHdr~InstdAgt~FinInstnId~BICFI : QMAGQAQAMPC
2023-11-29 11:20:32,016 [main] INFO  java_xml_parser.XMLParser - CdtTrfTxInf~Dbtr~Nm : Max105Text
2023-11-29 11:20:32,016 [main] INFO  java_xml_parser.XMLParser - GrpHdr~PmtTpInf~CtgyPurp~Prtry : 35TEXT
2023-11-29 11:20:32,016 [main] INFO  java_xml_parser.XMLParser - CdtTrfTxInf~Cdtr~Nm : Max105Text
2023-11-29 11:20:32,016 [main] INFO  java_xml_parser.XMLParser - CdtTrfTxInf~CdtrAcct~Id~Othr~Id : Max34Text
2023-11-29 11:20:32,016 [main] INFO  java_xml_parser.XMLParser - SplmtryData~Envlp~ns2:achSupplementaryData~ns2:terminalId : Text (16)
2023-11-29 11:20:32,016 [main] INFO  java_xml_parser.XMLParser - CdtTrfTxInf~PmtId~TxId : 16Text
2023-11-29 11:20:32,016 [main] INFO  java_xml_parser.XMLParser - CdtTrfTxInf~ChrgBr : SLEV
2023-11-29 11:20:32,016 [main] INFO  java_xml_parser.XMLParser - SplmtryData~Envlp~ns2:achSupplementaryData~ns2:merchantName : Text (20)
2023-11-29 11:20:32,016 [main] INFO  java_xml_parser.XMLParser - SplmtryData~PlcAndNm : Text
2023-11-29 11:20:32,016 [main] INFO  java_xml_parser.XMLParser - SplmtryData~Envlp~ns2:achSupplementaryData~ns2:feePercentage : Decimal
2023-11-29 11:20:32,016 [main] INFO  java_xml_parser.XMLParser - SplmtryData~Envlp~ns2:achSupplementaryData~ns2:invoiceNumber : Number(20)
2023-11-29 11:20:32,016 [main] INFO  MethodLogger - Entering method: processElement
2023-11-29 11:20:32,017 [main] INFO  MethodLogger - Entering method: processElement
2023-11-29 11:20:32,017 [main] INFO  MethodLogger - Entering method: processElement
2023-11-29 11:20:32,017 [main] INFO  MethodLogger - Exiting method: processElement
2023-11-29 11:20:32,017 [main] INFO  MethodLogger - Entering method: processElement
2023-11-29 11:20:32,017 [main] INFO  MethodLogger - Exiting method: processElement
2023-11-29 11:20:32,017 [main] INFO  MethodLogger - Entering method: processElement
2023-11-29 11:20:32,017 [main] INFO  MethodLogger - Exiting method: processElement
2023-11-29 11:20:32,017 [main] INFO  MethodLogger - Entering method: processElement
2023-11-29 11:20:32,017 [main] INFO  MethodLogger - Exiting method: processElement
2023-11-29 11:20:32,017 [main] INFO  MethodLogger - Entering method: processElement
2023-11-29 11:20:32,017 [main] INFO  MethodLogger - Exiting method: processElement
2023-11-29 11:20:32,017 [main] INFO  MethodLogger - Entering method: processElement
2023-11-29 11:20:32,017 [main] INFO  MethodLogger - Entering method: processElement
2023-11-29 11:20:32,017 [main] INFO  MethodLogger - Exiting method: processElement
2023-11-29 11:20:32,017 [main] INFO  MethodLogger - Entering method: processElement
2023-11-29 11:20:32,017 [main] INFO  MethodLogger - Entering method: processElement
2023-11-29 11:20:32,017 [main] INFO  MethodLogger - Exiting method: processElement
2023-11-29 11:20:32,017 [main] INFO  MethodLogger - Exiting method: processElement
2023-11-29 11:20:32,017 [main] INFO  MethodLogger - Exiting method: processElement
2023-11-29 11:20:32,017 [main] INFO  MethodLogger - Entering method: processElement
2023-11-29 11:20:32,017 [main] INFO  MethodLogger - Entering method: processElement
2023-11-29 11:20:32,018 [main] INFO  MethodLogger - Entering method: processElement
2023-11-29 11:20:32,018 [main] INFO  MethodLogger - Exiting method: processElement
2023-11-29 11:20:32,018 [main] INFO  MethodLogger - Exiting method: processElement
2023-11-29 11:20:32,018 [main] INFO  MethodLogger - Entering method: processElement
2023-11-29 11:20:32,018 [main] INFO  MethodLogger - Entering method: processElement
2023-11-29 11:20:32,018 [main] INFO  MethodLogger - Exiting method: processElement
2023-11-29 11:20:32,018 [main] INFO  MethodLogger - Exiting method: processElement
2023-11-29 11:20:32,021 [main] INFO  MethodLogger - Exiting method: processElement
2023-11-29 11:20:32,021 [main] INFO  MethodLogger - Entering method: processElement
2023-11-29 11:20:32,021 [main] INFO  MethodLogger - Entering method: processElement
2023-11-29 11:20:32,021 [main] INFO  MethodLogger - Exiting method: processElement
2023-11-29 11:20:32,021 [main] INFO  MethodLogger - Exiting method: processElement
2023-11-29 11:20:32,021 [main] INFO  MethodLogger - Entering method: processElement
2023-11-29 11:20:32,021 [main] INFO  MethodLogger - Entering method: processElement
2023-11-29 11:20:32,021 [main] INFO  MethodLogger - Entering method: processElement
2023-11-29 11:20:32,021 [main] INFO  MethodLogger - Exiting method: processElement
2023-11-29 11:20:32,021 [main] INFO  MethodLogger - Exiting method: processElement
2023-11-29 11:20:32,021 [main] INFO  MethodLogger - Exiting method: processElement
2023-11-29 11:20:32,021 [main] INFO  MethodLogger - Exiting method: processElement
2023-11-29 11:20:32,021 [main] INFO  MethodLogger - Entering method: processElement
2023-11-29 11:20:32,022 [main] INFO  MethodLogger - Entering method: processElement
2023-11-29 11:20:32,022 [main] INFO  MethodLogger - Entering method: processElement
2023-11-29 11:20:32,022 [main] INFO  MethodLogger - Exiting method: processElement
2023-11-29 11:20:32,022 [main] INFO  MethodLogger - Entering method: processElement
2023-11-29 11:20:32,022 [main] INFO  MethodLogger - Exiting method: processElement
2023-11-29 11:20:32,022 [main] INFO  MethodLogger - Exiting method: processElement
2023-11-29 11:20:32,022 [main] INFO  MethodLogger - Entering method: processElement
2023-11-29 11:20:32,022 [main] INFO  MethodLogger - Exiting method: processElement
2023-11-29 11:20:32,022 [main] INFO  MethodLogger - Entering method: processElement
2023-11-29 11:20:32,022 [main] INFO  MethodLogger - Exiting method: processElement
2023-11-29 11:20:32,022 [main] INFO  MethodLogger - Entering method: processElement
2023-11-29 11:20:32,022 [main] INFO  MethodLogger - Entering method: processElement
2023-11-29 11:20:32,023 [main] INFO  MethodLogger - Exiting method: processElement
2023-11-29 11:20:32,023 [main] INFO  MethodLogger - Entering method: processElement
2023-11-29 11:20:32,023 [main] INFO  MethodLogger - Entering method: processElement
2023-11-29 11:20:32,023 [main] INFO  MethodLogger - Entering method: processElement
2023-11-29 11:20:32,023 [main] INFO  MethodLogger - Entering method: processElement
2023-11-29 11:20:32,023 [main] INFO  MethodLogger - Exiting method: processElement
2023-11-29 11:20:32,024 [main] INFO  MethodLogger - Entering method: processElement
2023-11-29 11:20:32,024 [main] INFO  MethodLogger - Entering method: processElement
2023-11-29 11:20:32,024 [main] INFO  MethodLogger - Exiting method: processElement
2023-11-29 11:20:32,024 [main] INFO  MethodLogger - Exiting method: processElement
2023-11-29 11:20:32,024 [main] INFO  MethodLogger - Entering method: processElement
2023-11-29 11:20:32,024 [main] INFO  MethodLogger - Exiting method: processElement
2023-11-29 11:20:32,024 [main] INFO  MethodLogger - Exiting method: processElement
2023-11-29 11:20:32,024 [main] INFO  MethodLogger - Exiting method: processElement
2023-11-29 11:20:32,024 [main] INFO  MethodLogger - Exiting method: processElement
2023-11-29 11:20:32,024 [main] INFO  MethodLogger - Exiting method: processElement
2023-11-29 11:20:32,024 [main] INFO  MethodLogger - Entering method: processElement
2023-11-29 11:20:32,024 [main] INFO  MethodLogger - Entering method: processElement
2023-11-29 11:20:32,025 [main] INFO  MethodLogger - Entering method: processElement
2023-11-29 11:20:32,025 [main] INFO  MethodLogger - Entering method: processElement
2023-11-29 11:20:32,025 [main] INFO  MethodLogger - Exiting method: processElement
2023-11-29 11:20:32,025 [main] INFO  MethodLogger - Exiting method: processElement
2023-11-29 11:20:32,025 [main] INFO  MethodLogger - Exiting method: processElement
2023-11-29 11:20:32,025 [main] INFO  MethodLogger - Exiting method: processElement
2023-11-29 11:20:32,025 [main] INFO  MethodLogger - Entering method: processElement
2023-11-29 11:20:32,025 [main] INFO  MethodLogger - Entering method: processElement
2023-11-29 11:20:32,025 [main] INFO  MethodLogger - Entering method: processElement
2023-11-29 11:20:32,025 [main] INFO  MethodLogger - Exiting method: processElement
2023-11-29 11:20:32,025 [main] INFO  MethodLogger - Exiting method: processElement
2023-11-29 11:20:32,025 [main] INFO  MethodLogger - Exiting method: processElement
2023-11-29 11:20:32,025 [main] INFO  MethodLogger - Entering method: processElement
2023-11-29 11:20:32,025 [main] INFO  MethodLogger - Entering method: processElement
2023-11-29 11:20:32,025 [main] INFO  MethodLogger - Entering method: processElement
2023-11-29 11:20:32,026 [main] INFO  MethodLogger - Exiting method: processElement
2023-11-29 11:20:32,026 [main] INFO  MethodLogger - Exiting method: processElement
2023-11-29 11:20:32,026 [main] INFO  MethodLogger - Exiting method: processElement
2023-11-29 11:20:32,026 [main] INFO  MethodLogger - Entering method: processElement
2023-11-29 11:20:32,026 [main] INFO  MethodLogger - Entering method: processElement
2023-11-29 11:20:32,026 [main] INFO  MethodLogger - Exiting method: processElement
2023-11-29 11:20:32,026 [main] INFO  MethodLogger - Entering method: processElement
2023-11-29 11:20:32,026 [main] INFO  MethodLogger - Entering method: processElement
2023-11-29 11:20:32,026 [main] INFO  MethodLogger - Entering method: processElement
2023-11-29 11:20:32,026 [main] INFO  MethodLogger - Entering method: processElement
2023-11-29 11:20:32,026 [main] INFO  MethodLogger - Exiting method: processElement
2023-11-29 11:20:32,026 [main] INFO  MethodLogger - Entering method: processElement
2023-11-29 11:20:32,026 [main] INFO  MethodLogger - Entering method: processElement
2023-11-29 11:20:32,027 [main] INFO  MethodLogger - Exiting method: processElement
2023-11-29 11:20:32,027 [main] INFO  MethodLogger - Exiting method: processElement
2023-11-29 11:20:32,027 [main] INFO  MethodLogger - Entering method: processElement
2023-11-29 11:20:32,027 [main] INFO  MethodLogger - Exiting method: processElement
2023-11-29 11:20:32,027 [main] INFO  MethodLogger - Exiting method: processElement
2023-11-29 11:20:32,027 [main] INFO  MethodLogger - Exiting method: processElement
2023-11-29 11:20:32,027 [main] INFO  MethodLogger - Exiting method: processElement
2023-11-29 11:20:32,027 [main] INFO  MethodLogger - Exiting method: processElement
2023-11-29 11:20:32,027 [main] INFO  MethodLogger - Entering method: processElement
2023-11-29 11:20:32,027 [main] INFO  MethodLogger - Entering method: processElement
2023-11-29 11:20:32,027 [main] INFO  MethodLogger - Entering method: processElement
2023-11-29 11:20:32,027 [main] INFO  MethodLogger - Entering method: processElement
2023-11-29 11:20:32,027 [main] INFO  MethodLogger - Exiting method: processElement
2023-11-29 11:20:32,027 [main] INFO  MethodLogger - Exiting method: processElement
2023-11-29 11:20:32,027 [main] INFO  MethodLogger - Exiting method: processElement
2023-11-29 11:20:32,028 [main] INFO  MethodLogger - Exiting method: processElement
2023-11-29 11:20:32,028 [main] INFO  MethodLogger - Exiting method: processElement
2023-11-29 11:20:32,028 [main] INFO  MethodLogger - Entering method: processElement
2023-11-29 11:20:32,028 [main] INFO  MethodLogger - Entering method: processElement
2023-11-29 11:20:32,028 [main] INFO  MethodLogger - Exiting method: processElement
2023-11-29 11:20:32,028 [main] INFO  MethodLogger - Entering method: processElement
2023-11-29 11:20:32,028 [main] INFO  MethodLogger - Entering method: processElement
2023-11-29 11:20:32,028 [main] INFO  MethodLogger - Entering method: processElement
2023-11-29 11:20:32,028 [main] INFO  MethodLogger - Exiting method: processElement
2023-11-29 11:20:32,028 [main] INFO  MethodLogger - Entering method: processElement
2023-11-29 11:20:32,028 [main] INFO  MethodLogger - Exiting method: processElement
2023-11-29 11:20:32,028 [main] INFO  MethodLogger - Entering method: processElement
2023-11-29 11:20:32,028 [main] INFO  MethodLogger - Exiting method: processElement
2023-11-29 11:20:32,028 [main] INFO  MethodLogger - Entering method: processElement
2023-11-29 11:20:32,028 [main] INFO  MethodLogger - Exiting method: processElement
2023-11-29 11:20:32,029 [main] INFO  MethodLogger - Entering method: processElement
2023-11-29 11:20:32,029 [main] INFO  MethodLogger - Exiting method: processElement
2023-11-29 11:20:32,029 [main] INFO  MethodLogger - Entering method: processElement
2023-11-29 11:20:32,029 [main] INFO  MethodLogger - Exiting method: processElement
2023-11-29 11:20:32,029 [main] INFO  MethodLogger - Entering method: processElement
2023-11-29 11:20:32,029 [main] INFO  MethodLogger - Exiting method: processElement
2023-11-29 11:20:32,029 [main] INFO  MethodLogger - Entering method: processElement
2023-11-29 11:20:32,029 [main] INFO  MethodLogger - Exiting method: processElement
2023-11-29 11:20:32,029 [main] INFO  MethodLogger - Entering method: processElement
2023-11-29 11:20:32,029 [main] INFO  MethodLogger - Exiting method: processElement
2023-11-29 11:20:32,029 [main] INFO  MethodLogger - Entering method: processElement
2023-11-29 11:20:32,029 [main] INFO  MethodLogger - Exiting method: processElement
2023-11-29 11:20:32,029 [main] INFO  MethodLogger - Entering method: processElement
2023-11-29 11:20:32,029 [main] INFO  MethodLogger - Exiting method: processElement
2023-11-29 11:20:32,029 [main] INFO  MethodLogger - Entering method: processElement
2023-11-29 11:20:32,029 [main] INFO  MethodLogger - Exiting method: processElement
2023-11-29 11:20:32,030 [main] INFO  MethodLogger - Entering method: processElement
2023-11-29 11:20:32,030 [main] INFO  MethodLogger - Exiting method: processElement
2023-11-29 11:20:32,030 [main] INFO  MethodLogger - Entering method: processElement
2023-11-29 11:20:32,030 [main] INFO  MethodLogger - Exiting method: processElement
2023-11-29 11:20:32,030 [main] INFO  MethodLogger - Entering method: processElement
2023-11-29 11:20:32,030 [main] INFO  MethodLogger - Exiting method: processElement
2023-11-29 11:20:32,030 [main] INFO  MethodLogger - Exiting method: processElement
2023-11-29 11:20:32,030 [main] INFO  MethodLogger - Exiting method: processElement
2023-11-29 11:20:32,030 [main] INFO  MethodLogger - Exiting method: processElement
2023-11-29 11:20:32,030 [main] INFO  MethodLogger - Exiting method: processElement
2023-11-29 11:20:32,030 [main] INFO  java_xml_parser.XMLParser - CdtTrfTxInf~Dbtr~Id~PrvtId~Othr~Id : Max24Text
2023-11-29 11:20:32,030 [main] INFO  java_xml_parser.XMLParser - CdtTrfTxInf~PmtId~EndToEndId : 30Text
2023-11-29 11:20:32,030 [main] INFO  java_xml_parser.XMLParser - SplmtryData~Envlp~ns2:achSupplementaryData~ns2:grpMerchId : Text(16)
2023-11-29 11:20:32,030 [main] INFO  java_xml_parser.XMLParser - SplmtryData~Envlp~ns2:achSupplementaryData~ns2:consumerID : Text(16)
2023-11-29 11:20:32,030 [main] INFO  java_xml_parser.XMLParser - SplmtryData~Envlp~ns2:achSupplementaryData~ns2:tipOrConvnceIndctr : Number(2)
2023-11-29 11:20:32,030 [main] INFO  java_xml_parser.XMLParser - SplmtryData~Envlp~ns2:achSupplementaryData~ns2:postCd : Text(10)
2023-11-29 11:20:32,030 [main] INFO  java_xml_parser.XMLParser - CdtTrfTxInf~Cdtr~Id~PrvtId~Othr~Id : Max24Text
2023-11-29 11:20:32,030 [main] INFO  java_xml_parser.XMLParser - GrpHdr~SttlmInf~SttlmnMtd : CLRG
2023-11-29 11:20:32,030 [main] INFO  java_xml_parser.XMLParser - CdtTrfTxInf~DbtrAcct~Id~Othr~Id : Max34Text
2023-11-29 11:20:32,030 [main] INFO  java_xml_parser.XMLParser - GrpHdr~PmtTpInf~LclInstrm~Cd : TEL
2023-11-29 11:20:32,030 [main] INFO  java_xml_parser.XMLParser - SplmtryData~Envlp~ns2:achSupplementaryData~ns2:merchCategoryCd : Number(4)
2023-11-29 11:20:32,030 [main] INFO  java_xml_parser.XMLParser - GrpHdr~TtlIntrBkSttlmAmt : ="QAR">100
2023-11-29 11:20:32,030 [main] INFO  java_xml_parser.XMLParser - GrpHdr~FinInstnId~BICFI : consist of eight (8) or eleven (11) contiguous characters
2023-11-29 11:20:32,031 [main] INFO  java_xml_parser.XMLParser - GrpHdr~SttlmInf~ClrSys~Prtry : QCB
2023-11-29 11:20:32,031 [main] INFO  java_xml_parser.XMLParser - SplmtryData~Envlp~ns2:achSupplementaryData~ns2:merchantCity : Text (15)
2023-11-29 11:20:32,031 [main] INFO  java_xml_parser.XMLParser - GrpHdr~NbOfTxs : ##"Group Header/Number Of Transactions" must equal the number of occurrences of "Credit Transfer Transaction Information".
2023-11-29 11:20:32,031 [main] INFO  java_xml_parser.XMLParser - SplmtryData~Envlp~ns2:achSupplementaryData~ns2:batchSource : Number(2)
2023-11-29 11:20:32,031 [main] INFO  java_xml_parser.XMLParser - CdtTrfTxInf~Dbtr~Id~PrvtId~Othr~SchmeNm~Prtry : Max4Text
2023-11-29 11:20:32,031 [main] INFO  java_xml_parser.XMLParser - CdtTrfTxInf~Cdtr~Id~PrvtId~Othr~Issr : It will hold the country where the ID was issued.
2023-11-29 11:20:32,031 [main] INFO  java_xml_parser.XMLParser - GrpHdr~MsgId : QNBA123548456215
2023-11-29 11:20:32,031 [main] INFO  java_xml_parser.XMLParser - GrpHdr~IntrBkSttlmDt : 2015-05-26
2023-11-29 11:20:32,031 [main] INFO  java_xml_parser.XMLParser - CdtTrfTxInf~Dbtr~Id~PrvtId~Othr~Issr : SO 3166, Alpha-2 code
2023-11-29 11:20:32,031 [main] INFO  java_xml_parser.XMLParser - SplmtryData~Envlp~ns2:achSupplementaryData~ns2:countryCd : Text(2)
2023-11-29 11:20:32,031 [main] INFO  java_xml_parser.XMLParser - CdtTrfTxInf~DbtrAgt~FinInstnId~BICFI : consist of eight (8) or eleven (11) contiguous characters
2023-11-29 11:20:32,031 [main] INFO  java_xml_parser.XMLParser - CdtTrfTxInf~Cdtr~Id~PrvtId~Othr~SchmeNm~Prtry : Max4Text
2023-11-29 11:20:32,031 [main] INFO  java_xml_parser.XMLParser - CdtTrfTxInf~CdtrAgt~FinInstnId~BICFI : it will contain the BIC of the QMP system as assigned by QCB.
2023-11-29 11:20:32,031 [main] INFO  java_xml_parser.XMLParser - SplmtryData~Envlp~ns2:achSupplementaryData~ns2:pntOfInitiateMethd : Number(2)
2023-11-29 11:20:32,031 [main] INFO  java_xml_parser.XMLParser - GrpHdr~CreDtTm : >2017-03-06T17:35:18.138+04:00
2023-11-29 11:20:32,031 [main] INFO  java_xml_parser.XMLParser - CdtTrfTxInf~IntrBkSttlmAmt : ="QAR">100
2023-11-29 11:20:32,031 [main] INFO  java_xml_parser.XMLParser - SplmtryData~Envlp~ns2:achSupplementaryData~ns2:sessionSequence : Number(6)
2023-11-29 11:20:32,031 [main] INFO  java_xml_parser.XMLParser - SplmtryData~Envlp~ns2:achSupplementaryData~ns2:filler : Text(30)
2023-11-29 11:20:32,031 [main] INFO  java_xml_parser.XMLParser - GrpHdr~InstdAgt~FinInstnId~BICFI : QMAGQAQAMPC
2023-11-29 11:20:32,031 [main] INFO  java_xml_parser.XMLParser - CdtTrfTxInf~Dbtr~Nm : Max105Text
2023-11-29 11:20:32,031 [main] INFO  java_xml_parser.XMLParser - GrpHdr~PmtTpInf~CtgyPurp~Prtry : 36TEXT
2023-11-29 11:20:32,031 [main] INFO  java_xml_parser.XMLParser - CdtTrfTxInf~Cdtr~Nm : Max105Text
2023-11-29 11:20:32,031 [main] INFO  java_xml_parser.XMLParser - CdtTrfTxInf~CdtrAcct~Id~Othr~Id : Max34Text
2023-11-29 11:20:32,031 [main] INFO  java_xml_parser.XMLParser - SplmtryData~Envlp~ns2:achSupplementaryData~ns2:terminalId : Text (16)
2023-11-29 11:20:32,031 [main] INFO  java_xml_parser.XMLParser - CdtTrfTxInf~PmtId~TxId : 16Text
2023-11-29 11:20:32,031 [main] INFO  java_xml_parser.XMLParser - CdtTrfTxInf~ChrgBr : SLEV
2023-11-29 11:20:32,031 [main] INFO  java_xml_parser.XMLParser - SplmtryData~Envlp~ns2:achSupplementaryData~ns2:merchantName : Text (20)
2023-11-29 11:20:32,031 [main] INFO  java_xml_parser.XMLParser - SplmtryData~PlcAndNm : Text
2023-11-29 11:20:32,031 [main] INFO  java_xml_parser.XMLParser - SplmtryData~Envlp~ns2:achSupplementaryData~ns2:feePercentage : Decimal
2023-11-29 11:20:32,031 [main] INFO  java_xml_parser.XMLParser - SplmtryData~Envlp~ns2:achSupplementaryData~ns2:invoiceNumber : Number(20)
2023-11-29 11:20:32,031 [main] INFO  java_xml_parser.XMLParser - CdtTrfTxInf~Dbtr~Id~PrvtId~Othr~Id : Max24Text
2023-11-29 11:20:32,031 [main] INFO  java_xml_parser.XMLParser - CdtTrfTxInf~PmtId~EndToEndId : 30Text
2023-11-29 11:20:32,031 [main] INFO  java_xml_parser.XMLParser - SplmtryData~Envlp~ns2:achSupplementaryData~ns2:grpMerchId : Text(16)
2023-11-29 11:20:32,031 [main] INFO  java_xml_parser.XMLParser - SplmtryData~Envlp~ns2:achSupplementaryData~ns2:consumerID : Text(16)
2023-11-29 11:20:32,031 [main] INFO  java_xml_parser.XMLParser - SplmtryData~Envlp~ns2:achSupplementaryData~ns2:tipOrConvnceIndctr : Number(2)
2023-11-29 11:20:32,031 [main] INFO  java_xml_parser.XMLParser - SplmtryData~Envlp~ns2:achSupplementaryData~ns2:postCd : Text(10)
2023-11-29 11:20:32,031 [main] INFO  java_xml_parser.XMLParser - CdtTrfTxInf~Cdtr~Id~PrvtId~Othr~Id : Max24Text
2023-11-29 11:20:32,032 [main] INFO  java_xml_parser.XMLParser - GrpHdr~SttlmInf~SttlmnMtd : CLRG
2023-11-29 11:20:32,032 [main] INFO  java_xml_parser.XMLParser - CdtTrfTxInf~DbtrAcct~Id~Othr~Id : Max34Text
2023-11-29 11:20:32,032 [main] INFO  java_xml_parser.XMLParser - GrpHdr~PmtTpInf~LclInstrm~Cd : TEL
2023-11-29 11:20:32,032 [main] INFO  java_xml_parser.XMLParser - SplmtryData~Envlp~ns2:achSupplementaryData~ns2:merchCategoryCd : Number(4)
2023-11-29 11:20:32,032 [main] INFO  java_xml_parser.XMLParser - GrpHdr~TtlIntrBkSttlmAmt : ="QAR">100
2023-11-29 11:20:32,032 [main] INFO  java_xml_parser.XMLParser - GrpHdr~FinInstnId~BICFI : consist of eight (8) or eleven (11) contiguous characters
2023-11-29 11:20:32,032 [main] INFO  java_xml_parser.XMLParser - GrpHdr~SttlmInf~ClrSys~Prtry : QCB
2023-11-29 11:20:32,032 [main] INFO  java_xml_parser.XMLParser - SplmtryData~Envlp~ns2:achSupplementaryData~ns2:merchantCity : Text (15)
2023-11-29 11:20:32,032 [main] INFO  java_xml_parser.XMLParser - GrpHdr~NbOfTxs : ##"Group Header/Number Of Transactions" must equal the number of occurrences of "Credit Transfer Transaction Information".
2023-11-29 11:20:32,032 [main] INFO  java_xml_parser.XMLParser - SplmtryData~Envlp~ns2:achSupplementaryData~ns2:batchSource : Number(2)
2023-11-29 11:20:32,032 [main] INFO  java_xml_parser.XMLParser - CdtTrfTxInf~Dbtr~Id~PrvtId~Othr~SchmeNm~Prtry : Max4Text
2023-11-29 11:20:32,032 [main] INFO  java_xml_parser.XMLParser - CdtTrfTxInf~Cdtr~Id~PrvtId~Othr~Issr : It will hold the country where the ID was issued.
2023-11-29 11:20:32,032 [main] INFO  java_xml_parser.XMLParser - GrpHdr~MsgId : QNBA123548456215
2023-11-29 11:20:32,032 [main] INFO  java_xml_parser.XMLParser - GrpHdr~IntrBkSttlmDt : 2015-05-26
2023-11-29 11:20:32,032 [main] INFO  java_xml_parser.XMLParser - CdtTrfTxInf~Dbtr~Id~PrvtId~Othr~Issr : SO 3166, Alpha-2 code
2023-11-29 11:20:32,032 [main] INFO  java_xml_parser.XMLParser - SplmtryData~Envlp~ns2:achSupplementaryData~ns2:countryCd : Text(2)
2023-11-29 11:20:32,032 [main] INFO  java_xml_parser.XMLParser - CdtTrfTxInf~DbtrAgt~FinInstnId~BICFI : consist of eight (8) or eleven (11) contiguous characters
2023-11-29 11:20:32,032 [main] INFO  java_xml_parser.XMLParser - CdtTrfTxInf~Cdtr~Id~PrvtId~Othr~SchmeNm~Prtry : Max4Text
2023-11-29 11:20:32,032 [main] INFO  java_xml_parser.XMLParser - CdtTrfTxInf~CdtrAgt~FinInstnId~BICFI : it will contain the BIC of the QMP system as assigned by QCB.
2023-11-29 11:20:32,032 [main] INFO  java_xml_parser.XMLParser - SplmtryData~Envlp~ns2:achSupplementaryData~ns2:pntOfInitiateMethd : Number(2)
2023-11-29 11:20:32,032 [main] INFO  java_xml_parser.XMLParser - GrpHdr~CreDtTm : >2017-03-06T17:35:18.138+04:00
2023-11-29 11:20:32,032 [main] INFO  java_xml_parser.XMLParser - CdtTrfTxInf~IntrBkSttlmAmt : ="QAR">100
2023-11-29 11:20:32,032 [main] INFO  java_xml_parser.XMLParser - SplmtryData~Envlp~ns2:achSupplementaryData~ns2:sessionSequence : Number(6)
2023-11-29 11:20:32,032 [main] INFO  java_xml_parser.XMLParser - SplmtryData~Envlp~ns2:achSupplementaryData~ns2:filler : Text(30)
2023-11-29 11:20:32,032 [main] INFO  java_xml_parser.XMLParser - GrpHdr~InstdAgt~FinInstnId~BICFI : QMAGQAQAMPC
2023-11-29 11:20:32,032 [main] INFO  java_xml_parser.XMLParser - CdtTrfTxInf~Dbtr~Nm : Max105Text
2023-11-29 11:20:32,032 [main] INFO  java_xml_parser.XMLParser - GrpHdr~PmtTpInf~CtgyPurp~Prtry : 36TEXT
2023-11-29 11:20:32,032 [main] INFO  java_xml_parser.XMLParser - CdtTrfTxInf~Cdtr~Nm : Max105Text
2023-11-29 11:20:32,032 [main] INFO  java_xml_parser.XMLParser - CdtTrfTxInf~CdtrAcct~Id~Othr~Id : Max34Text
2023-11-29 11:20:32,032 [main] INFO  java_xml_parser.XMLParser - SplmtryData~Envlp~ns2:achSupplementaryData~ns2:terminalId : Text (16)
2023-11-29 11:20:32,032 [main] INFO  java_xml_parser.XMLParser - CdtTrfTxInf~PmtId~TxId : 16Text
2023-11-29 11:20:32,032 [main] INFO  java_xml_parser.XMLParser - CdtTrfTxInf~ChrgBr : SLEV
2023-11-29 11:20:32,032 [main] INFO  java_xml_parser.XMLParser - SplmtryData~Envlp~ns2:achSupplementaryData~ns2:merchantName : Text (20)
2023-11-29 11:20:32,032 [main] INFO  java_xml_parser.XMLParser - SplmtryData~PlcAndNm : Text
2023-11-29 11:20:32,032 [main] INFO  java_xml_parser.XMLParser - SplmtryData~Envlp~ns2:achSupplementaryData~ns2:feePercentage : Decimal
2023-11-29 11:20:32,032 [main] INFO  java_xml_parser.XMLParser - SplmtryData~Envlp~ns2:achSupplementaryData~ns2:invoiceNumber : Number(20)
2023-11-29 11:20:32,032 [main] INFO  MethodLogger - Exiting method: processChildElements
